"Process terminated:
RuleName: -
UtcTime: 2023-10-02 15:09:23.606
ProcessGuid: {39e13812-dd0b-651a-1202-000000000b00}
ProcessId: 6336
Image: C:\Program Files (x86)\Microsoft\Edge\Application\msedge.exe
User: dndlove\dndlo","5","3",,"4","5","0","-9223372036854775808","194","Microsoft-Windows-Sysmon","5770385f-c22a-43e0-bf4c-06f5698ffbd9","Microsoft-Windows-Sysmon/Operational","7304","7340","dndlove","S-1-5-18","2023-10-03 ?? 12:09:23",,,"Microsoft-Windows-Sysmon/Operational","System.UInt32[]","System.Diagnostics.Eventing.Reader.EventBookmark","??","??","Process terminated (rule: ProcessTerminate)","System.Collections.ObjectModel.ReadOnlyCollection`1[System.String]","System.Collections.Generic.List`1[System.Diagnostics.Eventing.Reader.EventProperty]"
"Process terminated:
RuleName: -
UtcTime: 2023-10-02 15:09:11.156
ProcessGuid: {39e13812-dc82-651a-ff01-000000000b00}
ProcessId: 6228
Image: C:\Program Files\WindowsApps\Microsoft.WindowsTerminal_1.12.10983.0_x64__8wekyb3d8bbwe\OpenConsole.exe
User: dndlove\dndlo","5","3",,"4","5","0","-9223372036854775808","193","Microsoft-Windows-Sysmon","5770385f-c22a-43e0-bf4c-06f5698ffbd9","Microsoft-Windows-Sysmon/Operational","7304","7340","dndlove","S-1-5-18","2023-10-03 ?? 12:09:11",,,"Microsoft-Windows-Sysmon/Operational","System.UInt32[]","System.Diagnostics.Eventing.Reader.EventBookmark","??","??","Process terminated (rule: ProcessTerminate)","System.Collections.ObjectModel.ReadOnlyCollection`1[System.String]","System.Collections.Generic.List`1[System.Diagnostics.Eventing.Reader.EventProperty]"
"Process Create:
RuleName: -
UtcTime: 2023-10-02 15:08:59.695
ProcessGuid: {39e13812-dd0b-651a-1202-000000000b00}
ProcessId: 6336
Image: C:\Program Files (x86)\Microsoft\Edge\Application\msedge.exe
FileVersion: 117.0.2045.47
Description: Microsoft Edge
Product: Microsoft Edge
Company: Microsoft Corporation
OriginalFileName: msedge.exe
CommandLine: ""C:\Program Files (x86)\Microsoft\Edge\Application\msedge.exe"" --type=utility --utility-sub-type=asset_store.mojom.AssetStoreService --lang=ko --service-sandbox-type=asset_store_service --mojo-platform-channel-handle=4180 --field-trial-handle=1996,i,9763911502272204724,12067030255526755103,262144 /prefetch:8
CurrentDirectory: C:\Program Files (x86)\Microsoft\Edge\Application\117.0.2045.47\
User: dndlove\dndlo
LogonGuid: {39e13812-cc80-651a-ac59-030000000000}
LogonId: 0x359AC
TerminalSessionId: 1
IntegrityLevel: Low
Hashes: SHA256=F2DE2A37E6DFC90FFD0162EF11A7C9792850E37767B1E2C5AD28C751D18D750F
ParentProcessGuid: {39e13812-dc51-651a-e301-000000000b00}
ParentProcessId: 2472
ParentImage: C:\Program Files (x86)\Microsoft\Edge\Application\msedge.exe
ParentCommandLine: ""C:\Program Files (x86)\Microsoft\Edge\Application\msedge.exe"" --disable-nacl --flag-switches-begin --flag-switches-end --no-startup-window /prefetch:5
ParentUser: dndlove\dndlo","1","5",,"4","1","0","-9223372036854775808","192","Microsoft-Windows-Sysmon","5770385f-c22a-43e0-bf4c-06f5698ffbd9","Microsoft-Windows-Sysmon/Operational","7304","7340","dndlove","S-1-5-18","2023-10-03 ?? 12:08:59",,,"Microsoft-Windows-Sysmon/Operational","System.UInt32[]","System.Diagnostics.Eventing.Reader.EventBookmark","??","??","Process Create (rule: ProcessCreate)","System.Collections.ObjectModel.ReadOnlyCollection`1[System.String]","System.Collections.Generic.List`1[System.Diagnostics.Eventing.Reader.EventProperty]"
"Process terminated:
RuleName: -
UtcTime: 2023-10-02 15:08:37.252
ProcessGuid: {39e13812-dcdd-651a-0a02-000000000b00}
ProcessId: 8860
Image: C:\Program Files (x86)\Microsoft\EdgeWebView\Application\117.0.2045.47\msedgewebview2.exe
User: dndlove\dndlo","5","3",,"4","5","0","-9223372036854775808","191","Microsoft-Windows-Sysmon","5770385f-c22a-43e0-bf4c-06f5698ffbd9","Microsoft-Windows-Sysmon/Operational","7304","7340","dndlove","S-1-5-18","2023-10-03 ?? 12:08:37",,,"Microsoft-Windows-Sysmon/Operational","System.UInt32[]","System.Diagnostics.Eventing.Reader.EventBookmark","??","??","Process terminated (rule: ProcessTerminate)","System.Collections.ObjectModel.ReadOnlyCollection`1[System.String]","System.Collections.Generic.List`1[System.Diagnostics.Eventing.Reader.EventProperty]"
"Process terminated:
RuleName: -
UtcTime: 2023-10-02 15:08:37.200
ProcessGuid: {39e13812-dcdc-651a-0902-000000000b00}
ProcessId: 8372
Image: C:\Program Files (x86)\Microsoft\EdgeWebView\Application\117.0.2045.47\msedgewebview2.exe
User: dndlove\dndlo","5","3",,"4","5","0","-9223372036854775808","190","Microsoft-Windows-Sysmon","5770385f-c22a-43e0-bf4c-06f5698ffbd9","Microsoft-Windows-Sysmon/Operational","7304","7340","dndlove","S-1-5-18","2023-10-03 ?? 12:08:37",,,"Microsoft-Windows-Sysmon/Operational","System.UInt32[]","System.Diagnostics.Eventing.Reader.EventBookmark","??","??","Process terminated (rule: ProcessTerminate)","System.Collections.ObjectModel.ReadOnlyCollection`1[System.String]","System.Collections.Generic.List`1[System.Diagnostics.Eventing.Reader.EventProperty]"
"Process terminated:
RuleName: -
UtcTime: 2023-10-02 15:08:37.165
ProcessGuid: {39e13812-dcf4-651a-1102-000000000b00}
ProcessId: 1252
Image: C:\Program Files (x86)\Microsoft\EdgeWebView\Application\117.0.2045.47\msedgewebview2.exe
User: dndlove\dndlo","5","3",,"4","5","0","-9223372036854775808","189","Microsoft-Windows-Sysmon","5770385f-c22a-43e0-bf4c-06f5698ffbd9","Microsoft-Windows-Sysmon/Operational","7304","7340","dndlove","S-1-5-18","2023-10-03 ?? 12:08:37",,,"Microsoft-Windows-Sysmon/Operational","System.UInt32[]","System.Diagnostics.Eventing.Reader.EventBookmark","??","??","Process terminated (rule: ProcessTerminate)","System.Collections.ObjectModel.ReadOnlyCollection`1[System.String]","System.Collections.Generic.List`1[System.Diagnostics.Eventing.Reader.EventProperty]"
"Process terminated:
RuleName: -
UtcTime: 2023-10-02 15:08:37.144
ProcessGuid: {39e13812-dcde-651a-0d02-000000000b00}
ProcessId: 6476
Image: C:\Program Files (x86)\Microsoft\EdgeWebView\Application\117.0.2045.47\msedgewebview2.exe
User: dndlove\dndlo","5","3",,"4","5","0","-9223372036854775808","188","Microsoft-Windows-Sysmon","5770385f-c22a-43e0-bf4c-06f5698ffbd9","Microsoft-Windows-Sysmon/Operational","7304","7340","dndlove","S-1-5-18","2023-10-03 ?? 12:08:37",,,"Microsoft-Windows-Sysmon/Operational","System.UInt32[]","System.Diagnostics.Eventing.Reader.EventBookmark","??","??","Process terminated (rule: ProcessTerminate)","System.Collections.ObjectModel.ReadOnlyCollection`1[System.String]","System.Collections.Generic.List`1[System.Diagnostics.Eventing.Reader.EventProperty]"
"Process terminated:
RuleName: -
UtcTime: 2023-10-02 15:08:37.118
ProcessGuid: {39e13812-dcde-651a-0c02-000000000b00}
ProcessId: 1696
Image: C:\Program Files (x86)\Microsoft\EdgeWebView\Application\117.0.2045.47\msedgewebview2.exe
User: dndlove\dndlo","5","3",,"4","5","0","-9223372036854775808","187","Microsoft-Windows-Sysmon","5770385f-c22a-43e0-bf4c-06f5698ffbd9","Microsoft-Windows-Sysmon/Operational","7304","7340","dndlove","S-1-5-18","2023-10-03 ?? 12:08:37",,,"Microsoft-Windows-Sysmon/Operational","System.UInt32[]","System.Diagnostics.Eventing.Reader.EventBookmark","??","??","Process terminated (rule: ProcessTerminate)","System.Collections.ObjectModel.ReadOnlyCollection`1[System.String]","System.Collections.Generic.List`1[System.Diagnostics.Eventing.Reader.EventProperty]"
"Process terminated:
RuleName: -
UtcTime: 2023-10-02 15:08:37.081
ProcessGuid: {39e13812-dcde-651a-0e02-000000000b00}
ProcessId: 4196
Image: C:\Program Files (x86)\Microsoft\EdgeWebView\Application\117.0.2045.47\msedgewebview2.exe
User: dndlove\dndlo","5","3",,"4","5","0","-9223372036854775808","186","Microsoft-Windows-Sysmon","5770385f-c22a-43e0-bf4c-06f5698ffbd9","Microsoft-Windows-Sysmon/Operational","7304","7340","dndlove","S-1-5-18","2023-10-03 ?? 12:08:37",,,"Microsoft-Windows-Sysmon/Operational","System.UInt32[]","System.Diagnostics.Eventing.Reader.EventBookmark","??","??","Process terminated (rule: ProcessTerminate)","System.Collections.ObjectModel.ReadOnlyCollection`1[System.String]","System.Collections.Generic.List`1[System.Diagnostics.Eventing.Reader.EventProperty]"
"Process Create:
RuleName: -
UtcTime: 2023-10-02 15:08:36.942
ProcessGuid: {39e13812-dcf4-651a-1102-000000000b00}
ProcessId: 1252
Image: C:\Program Files (x86)\Microsoft\EdgeWebView\Application\117.0.2045.47\msedgewebview2.exe
FileVersion: 117.0.2045.47
Description: Microsoft Edge WebView2
Product: Microsoft Edge WebView2
Company: Microsoft Corporation
OriginalFileName: msedgewebview2.exe
CommandLine: ""C:\Program Files (x86)\Microsoft\EdgeWebView\Application\117.0.2045.47\msedgewebview2.exe"" --type=gpu-process --noerrdialogs --user-data-dir=""C:\Users\dndlo\AppData\Local\Packages\MicrosoftWindows.Client.WebExperience_cw5n1h2txyewy\LocalState\EBWebView"" --webview-exe-name=Widgets.exe --webview-exe-version=421.20070.1820.0 --embedded-browser-webview=1 --gpu-preferences=WAAAAAAAAADgAAAMAAAAAAAAAAAAAAAAAABgAAAAAAA4AAAAAAAAAAAAAAAEAAAAAAAAAAAAAAAAAAAAAAAAAAAAAAAAAAAAGAAAAAAAAAAYAAAAAAAAAAgAAAAAAAAACAAAAAAAAAAIAAAAAAAAAA== --mojo-platform-channel-handle=4280 --field-trial-handle=1732,i,15233154419668499048,874471984636580060,262144 --enable-features=MojoIpcz,UseBackgroundNativeThreadPool,UseNativeThreadPool,msWebView2TreatAppSuspendAsDeviceSuspend /prefetch:2 /pfhostedapp:97e2bb57bbe254add0762d234f8a70d03c3e3ef9
CurrentDirectory: C:\Program Files (x86)\Microsoft\EdgeWebView\Application\117.0.2045.47\
User: dndlove\dndlo
LogonGuid: {39e13812-cc80-651a-ac59-030000000000}
LogonId: 0x359AC
TerminalSessionId: 1
IntegrityLevel: Low
Hashes: SHA256=8653B139A928415E4F1F5B45AF9D99FD76E3FD3AF0A0CAB67876961C876768AD
ParentProcessGuid: {39e13812-dcdc-651a-0902-000000000b00}
ParentProcessId: 8372
ParentImage: C:\Program Files (x86)\Microsoft\EdgeWebView\Application\117.0.2045.47\msedgewebview2.exe
ParentCommandLine: ""C:\Program Files (x86)\Microsoft\EdgeWebView\Application\117.0.2045.47\msedgewebview2.exe"" --embedded-browser-webview=1 --webview-exe-name=Widgets.exe --webview-exe-version=421.20070.1820.0 --user-data-dir=""C:\Users\dndlo\AppData\Local\Packages\MicrosoftWindows.Client.WebExperience_cw5n1h2txyewy\LocalState\EBWebView"" --noerrdialogs --disk-cache-size=52428800 --enable-features=MojoIpcz,msWebView2TreatAppSuspendAsDeviceSuspend,UseNativeThreadPool,UseBackgroundNativeThreadPool --lang=ko-KR --mojo-named-platform-channel-pipe=6404.8980.2534324663133203739 /pfhostedapp:97e2bb57bbe254add0762d234f8a70d03c3e3ef9
ParentUser: dndlove\dndlo","1","5",,"4","1","0","-9223372036854775808","185","Microsoft-Windows-Sysmon","5770385f-c22a-43e0-bf4c-06f5698ffbd9","Microsoft-Windows-Sysmon/Operational","7304","7340","dndlove","S-1-5-18","2023-10-03 ?? 12:08:36",,,"Microsoft-Windows-Sysmon/Operational","System.UInt32[]","System.Diagnostics.Eventing.Reader.EventBookmark","??","??","Process Create (rule: ProcessCreate)","System.Collections.ObjectModel.ReadOnlyCollection`1[System.String]","System.Collections.Generic.List`1[System.Diagnostics.Eventing.Reader.EventProperty]"
"Process terminated:
RuleName: -
UtcTime: 2023-10-02 15:08:36.924
ProcessGuid: {39e13812-dcdd-651a-0b02-000000000b00}
ProcessId: 4772
Image: C:\Program Files (x86)\Microsoft\EdgeWebView\Application\117.0.2045.47\msedgewebview2.exe
User: dndlove\dndlo","5","3",,"4","5","0","-9223372036854775808","184","Microsoft-Windows-Sysmon","5770385f-c22a-43e0-bf4c-06f5698ffbd9","Microsoft-Windows-Sysmon/Operational","7304","7340","dndlove","S-1-5-18","2023-10-03 ?? 12:08:36",,,"Microsoft-Windows-Sysmon/Operational","System.UInt32[]","System.Diagnostics.Eventing.Reader.EventBookmark","??","??","Process terminated (rule: ProcessTerminate)","System.Collections.ObjectModel.ReadOnlyCollection`1[System.String]","System.Collections.Generic.List`1[System.Diagnostics.Eventing.Reader.EventProperty]"
"Process Create:
RuleName: -
UtcTime: 2023-10-02 15:08:24.589
ProcessGuid: {39e13812-dce8-651a-1002-000000000b00}
ProcessId: 3332
Image: C:\Windows\System32\RuntimeBroker.exe
FileVersion: 10.0.22621.1635 (WinBuild.160101.0800)
Description: Runtime Broker
Product: Microsoft? Windows? Operating System
Company: Microsoft Corporation
OriginalFileName: RuntimeBroker.exe
CommandLine: C:\Windows\System32\RuntimeBroker.exe -Embedding
CurrentDirectory: C:\Windows\system32\
User: dndlove\dndlo
LogonGuid: {39e13812-cc80-651a-ac59-030000000000}
LogonId: 0x359AC
TerminalSessionId: 1
IntegrityLevel: Medium
Hashes: SHA256=3074FA572CA1A3AB76F0135A9B56A92B13E973380BF4A63BB920FA797C7D76A8
ParentProcessGuid: {39e13812-cc74-651a-0d00-000000000b00}
ParentProcessId: 996
ParentImage: C:\Windows\System32\svchost.exe
ParentCommandLine: C:\Windows\system32\svchost.exe -k DcomLaunch -p
ParentUser: NT AUTHORITY\SYSTEM","1","5",,"4","1","0","-9223372036854775808","183","Microsoft-Windows-Sysmon","5770385f-c22a-43e0-bf4c-06f5698ffbd9","Microsoft-Windows-Sysmon/Operational","7304","7340","dndlove","S-1-5-18","2023-10-03 ?? 12:08:24",,,"Microsoft-Windows-Sysmon/Operational","System.UInt32[]","System.Diagnostics.Eventing.Reader.EventBookmark","??","??","Process Create (rule: ProcessCreate)","System.Collections.ObjectModel.ReadOnlyCollection`1[System.String]","System.Collections.Generic.List`1[System.Diagnostics.Eventing.Reader.EventProperty]"
"Process Create:
RuleName: -
UtcTime: 2023-10-02 15:08:24.444
ProcessGuid: {39e13812-dce8-651a-0f02-000000000b00}
ProcessId: 8200
Image: C:\Windows\System32\backgroundTaskHost.exe
FileVersion: 10.0.22621.1 (WinBuild.160101.0800)
Description: Background Task Host
Product: Microsoft? Windows? Operating System
Company: Microsoft Corporation
OriginalFileName: backgroundTaskHost.exe
CommandLine: ""C:\Windows\system32\backgroundTaskHost.exe"" -ServerName:GamePassWidget.AppXhy79s1r98btt41werxf71jwb37axrxcx.mca
CurrentDirectory: C:\Program Files\WindowsApps\MicrosoftWindows.Client.WebExperience_423.23500.0.0_x64__cw5n1h2txyewy\
User: dndlove\dndlo
LogonGuid: {39e13812-cc80-651a-ac59-030000000000}
LogonId: 0x359AC
TerminalSessionId: 1
IntegrityLevel: AppContainer
Hashes: SHA256=4C8915E07BE1904A3BC02E4F8DB0A80BB932CE610D97EABB9151B4E51F449980
ParentProcessGuid: {39e13812-cc74-651a-0d00-000000000b00}
ParentProcessId: 996
ParentImage: C:\Windows\System32\svchost.exe
ParentCommandLine: C:\Windows\system32\svchost.exe -k DcomLaunch -p
ParentUser: NT AUTHORITY\SYSTEM","1","5",,"4","1","0","-9223372036854775808","182","Microsoft-Windows-Sysmon","5770385f-c22a-43e0-bf4c-06f5698ffbd9","Microsoft-Windows-Sysmon/Operational","7304","7340","dndlove","S-1-5-18","2023-10-03 ?? 12:08:24",,,"Microsoft-Windows-Sysmon/Operational","System.UInt32[]","System.Diagnostics.Eventing.Reader.EventBookmark","??","??","Process Create (rule: ProcessCreate)","System.Collections.ObjectModel.ReadOnlyCollection`1[System.String]","System.Collections.Generic.List`1[System.Diagnostics.Eventing.Reader.EventProperty]"
"Process terminated:
RuleName: -
UtcTime: 2023-10-02 15:08:18.202
ProcessGuid: {39e13812-dcda-651a-0602-000000000b00}
ProcessId: 8312
Image: C:\Windows\System32\dllhost.exe
User: dndlove\dndlo","5","3",,"4","5","0","-9223372036854775808","181","Microsoft-Windows-Sysmon","5770385f-c22a-43e0-bf4c-06f5698ffbd9","Microsoft-Windows-Sysmon/Operational","7304","7340","dndlove","S-1-5-18","2023-10-03 ?? 12:08:18",,,"Microsoft-Windows-Sysmon/Operational","System.UInt32[]","System.Diagnostics.Eventing.Reader.EventBookmark","??","??","Process terminated (rule: ProcessTerminate)","System.Collections.ObjectModel.ReadOnlyCollection`1[System.String]","System.Collections.Generic.List`1[System.Diagnostics.Eventing.Reader.EventProperty]"
"Process Create:
RuleName: -
UtcTime: 2023-10-02 15:08:14.727
ProcessGuid: {39e13812-dcde-651a-0e02-000000000b00}
ProcessId: 4196
Image: C:\Program Files (x86)\Microsoft\EdgeWebView\Application\117.0.2045.47\msedgewebview2.exe
FileVersion: 117.0.2045.47
Description: Microsoft Edge WebView2
Product: Microsoft Edge WebView2
Company: Microsoft Corporation
OriginalFileName: msedgewebview2.exe
CommandLine: ""C:\Program Files (x86)\Microsoft\EdgeWebView\Application\117.0.2045.47\msedgewebview2.exe"" --type=renderer --noerrdialogs --user-data-dir=""C:\Users\dndlo\AppData\Local\Packages\MicrosoftWindows.Client.WebExperience_cw5n1h2txyewy\LocalState\EBWebView"" --webview-exe-name=Widgets.exe --webview-exe-version=421.20070.1820.0 --embedded-browser-webview=1 --disable-nacl --first-renderer-process --lang=ko --device-scale-factor=1 --num-raster-threads=2 --enable-main-frame-before-activation --renderer-client-id=5 --js-flags=""--harmony-weak-refs-with-cleanup-some --expose-gc --ms-user-locale=ko_KR"" --time-ticks-at-unix-epoch=-1696255083465495 --launch-time-ticks=4211097823 --mojo-platform-channel-handle=3472 --field-trial-handle=1732,i,15233154419668499048,874471984636580060,262144 --enable-features=MojoIpcz,UseBackgroundNativeThreadPool,UseNativeThreadPool,msWebView2TreatAppSuspendAsDeviceSuspend /pfhostedapp:97e2bb57bbe254add0762d234f8a70d03c3e3ef9 /prefetch:1
CurrentDirectory: C:\Program Files (x86)\Microsoft\EdgeWebView\Application\117.0.2045.47\
User: dndlove\dndlo
LogonGuid: {39e13812-cc80-651a-ac59-030000000000}
LogonId: 0x359AC
TerminalSessionId: 1
IntegrityLevel: Low
Hashes: SHA256=8653B139A928415E4F1F5B45AF9D99FD76E3FD3AF0A0CAB67876961C876768AD
ParentProcessGuid: {39e13812-dcdc-651a-0902-000000000b00}
ParentProcessId: 8372
ParentImage: C:\Program Files (x86)\Microsoft\EdgeWebView\Application\117.0.2045.47\msedgewebview2.exe
ParentCommandLine: ""C:\Program Files (x86)\Microsoft\EdgeWebView\Application\117.0.2045.47\msedgewebview2.exe"" --embedded-browser-webview=1 --webview-exe-name=Widgets.exe --webview-exe-version=421.20070.1820.0 --user-data-dir=""C:\Users\dndlo\AppData\Local\Packages\MicrosoftWindows.Client.WebExperience_cw5n1h2txyewy\LocalState\EBWebView"" --noerrdialogs --disk-cache-size=52428800 --enable-features=MojoIpcz,msWebView2TreatAppSuspendAsDeviceSuspend,UseNativeThreadPool,UseBackgroundNativeThreadPool --lang=ko-KR --mojo-named-platform-channel-pipe=6404.8980.2534324663133203739 /pfhostedapp:97e2bb57bbe254add0762d234f8a70d03c3e3ef9
ParentUser: dndlove\dndlo","1","5",,"4","1","0","-9223372036854775808","180","Microsoft-Windows-Sysmon","5770385f-c22a-43e0-bf4c-06f5698ffbd9","Microsoft-Windows-Sysmon/Operational","7304","7340","dndlove","S-1-5-18","2023-10-03 ?? 12:08:14",,,"Microsoft-Windows-Sysmon/Operational","System.UInt32[]","System.Diagnostics.Eventing.Reader.EventBookmark","??","??","Process Create (rule: ProcessCreate)","System.Collections.ObjectModel.ReadOnlyCollection`1[System.String]","System.Collections.Generic.List`1[System.Diagnostics.Eventing.Reader.EventProperty]"
"Process Create:
RuleName: -
UtcTime: 2023-10-02 15:08:14.122
ProcessGuid: {39e13812-dcde-651a-0d02-000000000b00}
ProcessId: 6476
Image: C:\Program Files (x86)\Microsoft\EdgeWebView\Application\117.0.2045.47\msedgewebview2.exe
FileVersion: 117.0.2045.47
Description: Microsoft Edge WebView2
Product: Microsoft Edge WebView2
Company: Microsoft Corporation
OriginalFileName: msedgewebview2.exe
CommandLine: ""C:\Program Files (x86)\Microsoft\EdgeWebView\Application\117.0.2045.47\msedgewebview2.exe"" --type=utility --utility-sub-type=storage.mojom.StorageService --lang=ko --service-sandbox-type=service --noerrdialogs --user-data-dir=""C:\Users\dndlo\AppData\Local\Packages\MicrosoftWindows.Client.WebExperience_cw5n1h2txyewy\LocalState\EBWebView"" --webview-exe-name=Widgets.exe --webview-exe-version=421.20070.1820.0 --embedded-browser-webview=1 --mojo-platform-channel-handle=2220 --field-trial-handle=1732,i,15233154419668499048,874471984636580060,262144 --enable-features=MojoIpcz,UseBackgroundNativeThreadPool,UseNativeThreadPool,msWebView2TreatAppSuspendAsDeviceSuspend /prefetch:8 /pfhostedapp:97e2bb57bbe254add0762d234f8a70d03c3e3ef9
CurrentDirectory: C:\Program Files (x86)\Microsoft\EdgeWebView\Application\117.0.2045.47\
User: dndlove\dndlo
LogonGuid: {39e13812-cc80-651a-ac59-030000000000}
LogonId: 0x359AC
TerminalSessionId: 1
IntegrityLevel: Low
Hashes: SHA256=8653B139A928415E4F1F5B45AF9D99FD76E3FD3AF0A0CAB67876961C876768AD
ParentProcessGuid: {39e13812-dcdc-651a-0902-000000000b00}
ParentProcessId: 8372
ParentImage: C:\Program Files (x86)\Microsoft\EdgeWebView\Application\117.0.2045.47\msedgewebview2.exe
ParentCommandLine: ""C:\Program Files (x86)\Microsoft\EdgeWebView\Application\117.0.2045.47\msedgewebview2.exe"" --embedded-browser-webview=1 --webview-exe-name=Widgets.exe --webview-exe-version=421.20070.1820.0 --user-data-dir=""C:\Users\dndlo\AppData\Local\Packages\MicrosoftWindows.Client.WebExperience_cw5n1h2txyewy\LocalState\EBWebView"" --noerrdialogs --disk-cache-size=52428800 --enable-features=MojoIpcz,msWebView2TreatAppSuspendAsDeviceSuspend,UseNativeThreadPool,UseBackgroundNativeThreadPool --lang=ko-KR --mojo-named-platform-channel-pipe=6404.8980.2534324663133203739 /pfhostedapp:97e2bb57bbe254add0762d234f8a70d03c3e3ef9
ParentUser: dndlove\dndlo","1","5",,"4","1","0","-9223372036854775808","179","Microsoft-Windows-Sysmon","5770385f-c22a-43e0-bf4c-06f5698ffbd9","Microsoft-Windows-Sysmon/Operational","7304","7340","dndlove","S-1-5-18","2023-10-03 ?? 12:08:14",,,"Microsoft-Windows-Sysmon/Operational","System.UInt32[]","System.Diagnostics.Eventing.Reader.EventBookmark","??","??","Process Create (rule: ProcessCreate)","System.Collections.ObjectModel.ReadOnlyCollection`1[System.String]","System.Collections.Generic.List`1[System.Diagnostics.Eventing.Reader.EventProperty]"
"Process Create:
RuleName: -
UtcTime: 2023-10-02 15:08:14.016
ProcessGuid: {39e13812-dcde-651a-0c02-000000000b00}
ProcessId: 1696
Image: C:\Program Files (x86)\Microsoft\EdgeWebView\Application\117.0.2045.47\msedgewebview2.exe
FileVersion: 117.0.2045.47
Description: Microsoft Edge WebView2
Product: Microsoft Edge WebView2
Company: Microsoft Corporation
OriginalFileName: msedgewebview2.exe
CommandLine: ""C:\Program Files (x86)\Microsoft\EdgeWebView\Application\117.0.2045.47\msedgewebview2.exe"" --type=utility --utility-sub-type=network.mojom.NetworkService --lang=ko --service-sandbox-type=none --noerrdialogs --user-data-dir=""C:\Users\dndlo\AppData\Local\Packages\MicrosoftWindows.Client.WebExperience_cw5n1h2txyewy\LocalState\EBWebView"" --webview-exe-name=Widgets.exe --webview-exe-version=421.20070.1820.0 --embedded-browser-webview=1 --mojo-platform-channel-handle=1968 --field-trial-handle=1732,i,15233154419668499048,874471984636580060,262144 --enable-features=MojoIpcz,UseBackgroundNativeThreadPool,UseNativeThreadPool,msWebView2TreatAppSuspendAsDeviceSuspend /prefetch:3 /pfhostedapp:97e2bb57bbe254add0762d234f8a70d03c3e3ef9
CurrentDirectory: C:\Program Files (x86)\Microsoft\EdgeWebView\Application\117.0.2045.47\
User: dndlove\dndlo
LogonGuid: {39e13812-cc80-651a-ac59-030000000000}
LogonId: 0x359AC
TerminalSessionId: 1
IntegrityLevel: Medium
Hashes: SHA256=8653B139A928415E4F1F5B45AF9D99FD76E3FD3AF0A0CAB67876961C876768AD
ParentProcessGuid: {39e13812-dcdc-651a-0902-000000000b00}
ParentProcessId: 8372
ParentImage: C:\Program Files (x86)\Microsoft\EdgeWebView\Application\117.0.2045.47\msedgewebview2.exe
ParentCommandLine: ""C:\Program Files (x86)\Microsoft\EdgeWebView\Application\117.0.2045.47\msedgewebview2.exe"" --embedded-browser-webview=1 --webview-exe-name=Widgets.exe --webview-exe-version=421.20070.1820.0 --user-data-dir=""C:\Users\dndlo\AppData\Local\Packages\MicrosoftWindows.Client.WebExperience_cw5n1h2txyewy\LocalState\EBWebView"" --noerrdialogs --disk-cache-size=52428800 --enable-features=MojoIpcz,msWebView2TreatAppSuspendAsDeviceSuspend,UseNativeThreadPool,UseBackgroundNativeThreadPool --lang=ko-KR --mojo-named-platform-channel-pipe=6404.8980.2534324663133203739 /pfhostedapp:97e2bb57bbe254add0762d234f8a70d03c3e3ef9
ParentUser: dndlove\dndlo","1","5",,"4","1","0","-9223372036854775808","178","Microsoft-Windows-Sysmon","5770385f-c22a-43e0-bf4c-06f5698ffbd9","Microsoft-Windows-Sysmon/Operational","7304","7340","dndlove","S-1-5-18","2023-10-03 ?? 12:08:14",,,"Microsoft-Windows-Sysmon/Operational","System.UInt32[]","System.Diagnostics.Eventing.Reader.EventBookmark","??","??","Process Create (rule: ProcessCreate)","System.Collections.ObjectModel.ReadOnlyCollection`1[System.String]","System.Collections.Generic.List`1[System.Diagnostics.Eventing.Reader.EventProperty]"
"Process Create:
RuleName: -
UtcTime: 2023-10-02 15:08:13.974
ProcessGuid: {39e13812-dcdd-651a-0b02-000000000b00}
ProcessId: 4772
Image: C:\Program Files (x86)\Microsoft\EdgeWebView\Application\117.0.2045.47\msedgewebview2.exe
FileVersion: 117.0.2045.47
Description: Microsoft Edge WebView2
Product: Microsoft Edge WebView2
Company: Microsoft Corporation
OriginalFileName: msedgewebview2.exe
CommandLine: ""C:\Program Files (x86)\Microsoft\EdgeWebView\Application\117.0.2045.47\msedgewebview2.exe"" --type=gpu-process --noerrdialogs --user-data-dir=""C:\Users\dndlo\AppData\Local\Packages\MicrosoftWindows.Client.WebExperience_cw5n1h2txyewy\LocalState\EBWebView"" --webview-exe-name=Widgets.exe --webview-exe-version=421.20070.1820.0 --embedded-browser-webview=1 --gpu-preferences=WAAAAAAAAADgAAAMAAAAAAAAAAAAAAAAAABgAAAAAAA4AAAAAAAAAAAAAAAEAAAAAAAAAAAAAAAAAAAAAAAAAAAAAAAAAAAAGAAAAAAAAAAYAAAAAAAAAAgAAAAAAAAACAAAAAAAAAAIAAAAAAAAAA== --mojo-platform-channel-handle=1724 --field-trial-handle=1732,i,15233154419668499048,874471984636580060,262144 --enable-features=MojoIpcz,UseBackgroundNativeThreadPool,UseNativeThreadPool,msWebView2TreatAppSuspendAsDeviceSuspend /prefetch:2 /pfhostedapp:97e2bb57bbe254add0762d234f8a70d03c3e3ef9
CurrentDirectory: C:\Program Files (x86)\Microsoft\EdgeWebView\Application\117.0.2045.47\
User: dndlove\dndlo
LogonGuid: {39e13812-cc80-651a-ac59-030000000000}
LogonId: 0x359AC
TerminalSessionId: 1
IntegrityLevel: Low
Hashes: SHA256=8653B139A928415E4F1F5B45AF9D99FD76E3FD3AF0A0CAB67876961C876768AD
ParentProcessGuid: {39e13812-dcdc-651a-0902-000000000b00}
ParentProcessId: 8372
ParentImage: C:\Program Files (x86)\Microsoft\EdgeWebView\Application\117.0.2045.47\msedgewebview2.exe
ParentCommandLine: ""C:\Program Files (x86)\Microsoft\EdgeWebView\Application\117.0.2045.47\msedgewebview2.exe"" --embedded-browser-webview=1 --webview-exe-name=Widgets.exe --webview-exe-version=421.20070.1820.0 --user-data-dir=""C:\Users\dndlo\AppData\Local\Packages\MicrosoftWindows.Client.WebExperience_cw5n1h2txyewy\LocalState\EBWebView"" --noerrdialogs --disk-cache-size=52428800 --enable-features=MojoIpcz,msWebView2TreatAppSuspendAsDeviceSuspend,UseNativeThreadPool,UseBackgroundNativeThreadPool --lang=ko-KR --mojo-named-platform-channel-pipe=6404.8980.2534324663133203739 /pfhostedapp:97e2bb57bbe254add0762d234f8a70d03c3e3ef9
ParentUser: dndlove\dndlo","1","5",,"4","1","0","-9223372036854775808","177","Microsoft-Windows-Sysmon","5770385f-c22a-43e0-bf4c-06f5698ffbd9","Microsoft-Windows-Sysmon/Operational","7304","7340","dndlove","S-1-5-18","2023-10-03 ?? 12:08:13",,,"Microsoft-Windows-Sysmon/Operational","System.UInt32[]","System.Diagnostics.Eventing.Reader.EventBookmark","??","??","Process Create (rule: ProcessCreate)","System.Collections.ObjectModel.ReadOnlyCollection`1[System.String]","System.Collections.Generic.List`1[System.Diagnostics.Eventing.Reader.EventProperty]"
"Process Create:
RuleName: -
UtcTime: 2023-10-02 15:08:13.284
ProcessGuid: {39e13812-dcdd-651a-0a02-000000000b00}
ProcessId: 8860
Image: C:\Program Files (x86)\Microsoft\EdgeWebView\Application\117.0.2045.47\msedgewebview2.exe
FileVersion: 117.0.2045.47
Description: Microsoft Edge WebView2
Product: Microsoft Edge WebView2
Company: Microsoft Corporation
OriginalFileName: msedgewebview2.exe
CommandLine: ""C:\Program Files (x86)\Microsoft\EdgeWebView\Application\117.0.2045.47\msedgewebview2.exe"" --type=crashpad-handler --user-data-dir=C:\Users\dndlo\AppData\Local\Packages\MicrosoftWindows.Client.WebExperience_cw5n1h2txyewy\LocalState\EBWebView /prefetch:7 /pfhostedapp:97e2bb57bbe254add0762d234f8a70d03c3e3ef9 --monitor-self-annotation=ptype=crashpad-handler --database=C:\Users\dndlo\AppData\Local\Packages\MicrosoftWindows.Client.WebExperience_cw5n1h2txyewy\LocalState\EBWebView\Crashpad --annotation=IsOfficialBuild=1 --annotation=channel= --annotation=chromium-version=117.0.5938.132 ""--annotation=exe=C:\Program Files (x86)\Microsoft\EdgeWebView\Application\117.0.2045.47\msedgewebview2.exe"" --annotation=plat=Win64 ""--annotation=prod=Edge WebView2"" --annotation=ver=117.0.2045.47 --initial-client-data=0x178,0x17c,0x180,0x154,0x188,0x7ffc77448e88,0x7ffc77448e98,0x7ffc77448ea8
CurrentDirectory: C:\Program Files (x86)\Microsoft\EdgeWebView\Application\117.0.2045.47\
User: dndlove\dndlo
LogonGuid: {39e13812-cc80-651a-ac59-030000000000}
LogonId: 0x359AC
TerminalSessionId: 1
IntegrityLevel: Medium
Hashes: SHA256=8653B139A928415E4F1F5B45AF9D99FD76E3FD3AF0A0CAB67876961C876768AD
ParentProcessGuid: {39e13812-dcdc-651a-0902-000000000b00}
ParentProcessId: 8372
ParentImage: C:\Program Files (x86)\Microsoft\EdgeWebView\Application\117.0.2045.47\msedgewebview2.exe
ParentCommandLine: ""C:\Program Files (x86)\Microsoft\EdgeWebView\Application\117.0.2045.47\msedgewebview2.exe"" --embedded-browser-webview=1 --webview-exe-name=Widgets.exe --webview-exe-version=421.20070.1820.0 --user-data-dir=""C:\Users\dndlo\AppData\Local\Packages\MicrosoftWindows.Client.WebExperience_cw5n1h2txyewy\LocalState\EBWebView"" --noerrdialogs --disk-cache-size=52428800 --enable-features=MojoIpcz,msWebView2TreatAppSuspendAsDeviceSuspend,UseNativeThreadPool,UseBackgroundNativeThreadPool --lang=ko-KR --mojo-named-platform-channel-pipe=6404.8980.2534324663133203739 /pfhostedapp:97e2bb57bbe254add0762d234f8a70d03c3e3ef9
ParentUser: dndlove\dndlo","1","5",,"4","1","0","-9223372036854775808","176","Microsoft-Windows-Sysmon","5770385f-c22a-43e0-bf4c-06f5698ffbd9","Microsoft-Windows-Sysmon/Operational","7304","7340","dndlove","S-1-5-18","2023-10-03 ?? 12:08:13",,,"Microsoft-Windows-Sysmon/Operational","System.UInt32[]","System.Diagnostics.Eventing.Reader.EventBookmark","??","??","Process Create (rule: ProcessCreate)","System.Collections.ObjectModel.ReadOnlyCollection`1[System.String]","System.Collections.Generic.List`1[System.Diagnostics.Eventing.Reader.EventProperty]"
"Process Create:
RuleName: -
UtcTime: 2023-10-02 15:08:12.882
ProcessGuid: {39e13812-dcdc-651a-0902-000000000b00}
ProcessId: 8372
Image: C:\Program Files (x86)\Microsoft\EdgeWebView\Application\117.0.2045.47\msedgewebview2.exe
FileVersion: 117.0.2045.47
Description: Microsoft Edge WebView2
Product: Microsoft Edge WebView2
Company: Microsoft Corporation
OriginalFileName: msedgewebview2.exe
CommandLine: ""C:\Program Files (x86)\Microsoft\EdgeWebView\Application\117.0.2045.47\msedgewebview2.exe"" --embedded-browser-webview=1 --webview-exe-name=Widgets.exe --webview-exe-version=421.20070.1820.0 --user-data-dir=""C:\Users\dndlo\AppData\Local\Packages\MicrosoftWindows.Client.WebExperience_cw5n1h2txyewy\LocalState\EBWebView"" --noerrdialogs --disk-cache-size=52428800 --enable-features=MojoIpcz,msWebView2TreatAppSuspendAsDeviceSuspend,UseNativeThreadPool,UseBackgroundNativeThreadPool --lang=ko-KR --mojo-named-platform-channel-pipe=6404.8980.2534324663133203739 /pfhostedapp:97e2bb57bbe254add0762d234f8a70d03c3e3ef9
CurrentDirectory: C:\Windows\system32\
User: dndlove\dndlo
LogonGuid: {39e13812-cc80-651a-ac59-030000000000}
LogonId: 0x359AC
TerminalSessionId: 1
IntegrityLevel: Medium
Hashes: SHA256=8653B139A928415E4F1F5B45AF9D99FD76E3FD3AF0A0CAB67876961C876768AD
ParentProcessGuid: {39e13812-dcdb-651a-0702-000000000b00}
ParentProcessId: 6404
ParentImage: C:\Program Files\WindowsApps\MicrosoftWindows.Client.WebExperience_423.23500.0.0_x64__cw5n1h2txyewy\Dashboard\Widgets.exe
ParentCommandLine: ""C:\Program Files\WindowsApps\MicrosoftWindows.Client.WebExperience_423.23500.0.0_x64__cw5n1h2txyewy\Dashboard\Widgets.exe"" -ServerName:Microsoft.Windows.DashboardServer
ParentUser: dndlove\dndlo","1","5",,"4","1","0","-9223372036854775808","175","Microsoft-Windows-Sysmon","5770385f-c22a-43e0-bf4c-06f5698ffbd9","Microsoft-Windows-Sysmon/Operational","7304","7340","dndlove","S-1-5-18","2023-10-03 ?? 12:08:13",,,"Microsoft-Windows-Sysmon/Operational","System.UInt32[]","System.Diagnostics.Eventing.Reader.EventBookmark","??","??","Process Create (rule: ProcessCreate)","System.Collections.ObjectModel.ReadOnlyCollection`1[System.String]","System.Collections.Generic.List`1[System.Diagnostics.Eventing.Reader.EventProperty]"
"Process Create:
RuleName: -
UtcTime: 2023-10-02 15:08:12.350
ProcessGuid: {39e13812-dcdc-651a-0802-000000000b00}
ProcessId: 4020
Image: C:\Windows\System32\backgroundTaskHost.exe
FileVersion: 10.0.22621.1 (WinBuild.160101.0800)
Description: Background Task Host
Product: Microsoft? Windows? Operating System
Company: Microsoft Corporation
OriginalFileName: backgroundTaskHost.exe
CommandLine: ""C:\Windows\system32\BackgroundTaskHost.exe"" -ServerName:BackgroundTaskHost.WebAccountProvider
CurrentDirectory: C:\Windows\SystemApps\Microsoft.AAD.BrokerPlugin_cw5n1h2txyewy\
User: dndlove\dndlo
LogonGuid: {39e13812-cc80-651a-ac59-030000000000}
LogonId: 0x359AC
TerminalSessionId: 1
IntegrityLevel: AppContainer
Hashes: SHA256=4C8915E07BE1904A3BC02E4F8DB0A80BB932CE610D97EABB9151B4E51F449980
ParentProcessGuid: {39e13812-cc74-651a-0d00-000000000b00}
ParentProcessId: 996
ParentImage: C:\Windows\System32\svchost.exe
ParentCommandLine: C:\Windows\system32\svchost.exe -k DcomLaunch -p
ParentUser: NT AUTHORITY\SYSTEM","1","5",,"4","1","0","-9223372036854775808","174","Microsoft-Windows-Sysmon","5770385f-c22a-43e0-bf4c-06f5698ffbd9","Microsoft-Windows-Sysmon/Operational","7304","7340","dndlove","S-1-5-18","2023-10-03 ?? 12:08:12",,,"Microsoft-Windows-Sysmon/Operational","System.UInt32[]","System.Diagnostics.Eventing.Reader.EventBookmark","??","??","Process Create (rule: ProcessCreate)","System.Collections.ObjectModel.ReadOnlyCollection`1[System.String]","System.Collections.Generic.List`1[System.Diagnostics.Eventing.Reader.EventProperty]"
"Process Create:
RuleName: -
UtcTime: 2023-10-02 15:08:11.154
ProcessGuid: {39e13812-dcdb-651a-0702-000000000b00}
ProcessId: 6404
Image: C:\Program Files\WindowsApps\MicrosoftWindows.Client.WebExperience_423.23500.0.0_x64__cw5n1h2txyewy\Dashboard\Widgets.exe
FileVersion: 421.20070.1820.0
Description: -
Product: Microsoft? Windows? Operating System
Company: Microsoft Corporation
OriginalFileName: Widgets.exe
CommandLine: ""C:\Program Files\WindowsApps\MicrosoftWindows.Client.WebExperience_423.23500.0.0_x64__cw5n1h2txyewy\Dashboard\Widgets.exe"" -ServerName:Microsoft.Windows.DashboardServer
CurrentDirectory: C:\Windows\system32\
User: dndlove\dndlo
LogonGuid: {39e13812-cc80-651a-ac59-030000000000}
LogonId: 0x359AC
TerminalSessionId: 1
IntegrityLevel: Medium
Hashes: SHA256=04F93C2C22F05115913CAA85EE8E15AEB2ED4711522AE288FB41E20C3573BDAE
ParentProcessGuid: {39e13812-cc74-651a-0d00-000000000b00}
ParentProcessId: 996
ParentImage: C:\Windows\System32\svchost.exe
ParentCommandLine: C:\Windows\system32\svchost.exe -k DcomLaunch -p
ParentUser: NT AUTHORITY\SYSTEM","1","5",,"4","1","0","-9223372036854775808","173","Microsoft-Windows-Sysmon","5770385f-c22a-43e0-bf4c-06f5698ffbd9","Microsoft-Windows-Sysmon/Operational","7304","7340","dndlove","S-1-5-18","2023-10-03 ?? 12:08:11",,,"Microsoft-Windows-Sysmon/Operational","System.UInt32[]","System.Diagnostics.Eventing.Reader.EventBookmark","??","??","Process Create (rule: ProcessCreate)","System.Collections.ObjectModel.ReadOnlyCollection`1[System.String]","System.Collections.Generic.List`1[System.Diagnostics.Eventing.Reader.EventProperty]"
"Process Create:
RuleName: -
UtcTime: 2023-10-02 15:08:10.848
ProcessGuid: {39e13812-dcda-651a-0602-000000000b00}
ProcessId: 8312
Image: C:\Windows\System32\dllhost.exe
FileVersion: 10.0.22621.1 (WinBuild.160101.0800)
Description: COM Surrogate
Product: Microsoft? Windows? Operating System
Company: Microsoft Corporation
OriginalFileName: dllhost.exe
CommandLine: C:\Windows\system32\DllHost.exe /Processid:{69B7FE84-6361-4423-B948-1D64820B1E96}
CurrentDirectory: C:\Windows\system32\
User: dndlove\dndlo
LogonGuid: {39e13812-cc80-651a-ac59-030000000000}
LogonId: 0x359AC
TerminalSessionId: 1
IntegrityLevel: Medium
Hashes: SHA256=FDFAD08EADD54A431E431FEBE60E87B574CE90E5502ED0BE2F026A1828120FC6
ParentProcessGuid: {39e13812-cc74-651a-0d00-000000000b00}
ParentProcessId: 996
ParentImage: C:\Windows\System32\svchost.exe
ParentCommandLine: C:\Windows\system32\svchost.exe -k DcomLaunch -p
ParentUser: NT AUTHORITY\SYSTEM","1","5",,"4","1","0","-9223372036854775808","172","Microsoft-Windows-Sysmon","5770385f-c22a-43e0-bf4c-06f5698ffbd9","Microsoft-Windows-Sysmon/Operational","7304","7340","dndlove","S-1-5-18","2023-10-03 ?? 12:08:10",,,"Microsoft-Windows-Sysmon/Operational","System.UInt32[]","System.Diagnostics.Eventing.Reader.EventBookmark","??","??","Process Create (rule: ProcessCreate)","System.Collections.ObjectModel.ReadOnlyCollection`1[System.String]","System.Collections.Generic.List`1[System.Diagnostics.Eventing.Reader.EventProperty]"
"Process terminated:
RuleName: -
UtcTime: 2023-10-02 15:08:00.505
ProcessGuid: {39e13812-dc74-651a-fc01-000000000b00}
ProcessId: 4564
Image: C:\Windows\System32\RuntimeBroker.exe
User: dndlove\dndlo","5","3",,"4","5","0","-9223372036854775808","171","Microsoft-Windows-Sysmon","5770385f-c22a-43e0-bf4c-06f5698ffbd9","Microsoft-Windows-Sysmon/Operational","7304","7340","dndlove","S-1-5-18","2023-10-03 ?? 12:08:00",,,"Microsoft-Windows-Sysmon/Operational","System.UInt32[]","System.Diagnostics.Eventing.Reader.EventBookmark","??","??","Process terminated (rule: ProcessTerminate)","System.Collections.ObjectModel.ReadOnlyCollection`1[System.String]","System.Collections.Generic.List`1[System.Diagnostics.Eventing.Reader.EventProperty]"
"Process terminated:
RuleName: -
UtcTime: 2023-10-02 15:08:00.442
ProcessGuid: {39e13812-d398-651a-a801-000000000b00}
ProcessId: 2240
Image: C:\Windows\System32\RuntimeBroker.exe
User: dndlove\dndlo","5","3",,"4","5","0","-9223372036854775808","170","Microsoft-Windows-Sysmon","5770385f-c22a-43e0-bf4c-06f5698ffbd9","Microsoft-Windows-Sysmon/Operational","7304","7340","dndlove","S-1-5-18","2023-10-03 ?? 12:08:00",,,"Microsoft-Windows-Sysmon/Operational","System.UInt32[]","System.Diagnostics.Eventing.Reader.EventBookmark","??","??","Process terminated (rule: ProcessTerminate)","System.Collections.ObjectModel.ReadOnlyCollection`1[System.String]","System.Collections.Generic.List`1[System.Diagnostics.Eventing.Reader.EventProperty]"
"Process terminated:
RuleName: -
UtcTime: 2023-10-02 15:07:46.614
ProcessGuid: {39e13812-cc7f-651a-5500-000000000b00}
ProcessId: 4072
Image: C:\Windows\System32\svchost.exe
User: NT AUTHORITY\SYSTEM","5","3",,"4","5","0","-9223372036854775808","169","Microsoft-Windows-Sysmon","5770385f-c22a-43e0-bf4c-06f5698ffbd9","Microsoft-Windows-Sysmon/Operational","7304","7340","dndlove","S-1-5-18","2023-10-03 ?? 12:07:46",,,"Microsoft-Windows-Sysmon/Operational","System.UInt32[]","System.Diagnostics.Eventing.Reader.EventBookmark","??","??","Process terminated (rule: ProcessTerminate)","System.Collections.ObjectModel.ReadOnlyCollection`1[System.String]","System.Collections.Generic.List`1[System.Diagnostics.Eventing.Reader.EventProperty]"
"Process terminated:
RuleName: -
UtcTime: 2023-10-02 15:07:45.504
ProcessGuid: {39e13812-dcc1-651a-0502-000000000b00}
ProcessId: 9212
Image: C:\Program Files (x86)\Microsoft\Edge\Application\msedge.exe
User: dndlove\dndlo","5","3",,"4","5","0","-9223372036854775808","168","Microsoft-Windows-Sysmon","5770385f-c22a-43e0-bf4c-06f5698ffbd9","Microsoft-Windows-Sysmon/Operational","7304","7340","dndlove","S-1-5-18","2023-10-03 ?? 12:07:45",,,"Microsoft-Windows-Sysmon/Operational","System.UInt32[]","System.Diagnostics.Eventing.Reader.EventBookmark","??","??","Process terminated (rule: ProcessTerminate)","System.Collections.ObjectModel.ReadOnlyCollection`1[System.String]","System.Collections.Generic.List`1[System.Diagnostics.Eventing.Reader.EventProperty]"
"Process Create:
RuleName: -
UtcTime: 2023-10-02 15:07:45.202
ProcessGuid: {39e13812-dcc1-651a-0502-000000000b00}
ProcessId: 9212
Image: C:\Program Files (x86)\Microsoft\Edge\Application\msedge.exe
FileVersion: 117.0.2045.47
Description: Microsoft Edge
Product: Microsoft Edge
Company: Microsoft Corporation
OriginalFileName: msedge.exe
CommandLine: ""C:\Program Files (x86)\Microsoft\Edge\Application\msedge.exe"" --type=gpu-process --disable-gpu-sandbox --use-gl=disabled --gpu-vendor-id=33006 --gpu-device-id=48879 --gpu-sub-system-id=67442093 --gpu-revision=0 --gpu-driver-version=7.0.10.8379 --gpu-preferences=WAAAAAAAAADoAAAMAAAAAAAAAAAAAAAAAABgAAAAAAA4AAAAAAAAAAAAAABEAAAAAAAAAAAAAAAAAAAAAAAAAAAAAAAAAAAAGAAAAAAAAAAYAAAAAAAAAAgAAAAAAAAACAAAAAAAAAAIAAAAAAAAAA== --mojo-platform-channel-handle=5024 --field-trial-handle=1996,i,9763911502272204724,12067030255526755103,262144 /prefetch:2
CurrentDirectory: C:\Program Files (x86)\Microsoft\Edge\Application\117.0.2045.47\
User: dndlove\dndlo
LogonGuid: {39e13812-cc80-651a-ac59-030000000000}
LogonId: 0x359AC
TerminalSessionId: 1
IntegrityLevel: Medium
Hashes: SHA256=F2DE2A37E6DFC90FFD0162EF11A7C9792850E37767B1E2C5AD28C751D18D750F
ParentProcessGuid: {39e13812-dc51-651a-e301-000000000b00}
ParentProcessId: 2472
ParentImage: C:\Program Files (x86)\Microsoft\Edge\Application\msedge.exe
ParentCommandLine: ""C:\Program Files (x86)\Microsoft\Edge\Application\msedge.exe"" --disable-nacl --flag-switches-begin --flag-switches-end --no-startup-window /prefetch:5
ParentUser: dndlove\dndlo","1","5",,"4","1","0","-9223372036854775808","167","Microsoft-Windows-Sysmon","5770385f-c22a-43e0-bf4c-06f5698ffbd9","Microsoft-Windows-Sysmon/Operational","7304","7340","dndlove","S-1-5-18","2023-10-03 ?? 12:07:45",,,"Microsoft-Windows-Sysmon/Operational","System.UInt32[]","System.Diagnostics.Eventing.Reader.EventBookmark","??","??","Process Create (rule: ProcessCreate)","System.Collections.ObjectModel.ReadOnlyCollection`1[System.String]","System.Collections.Generic.List`1[System.Diagnostics.Eventing.Reader.EventProperty]"
"Process terminated:
RuleName: -
UtcTime: 2023-10-02 15:07:43.817
ProcessGuid: {39e13812-dcbf-651a-0402-000000000b00}
ProcessId: 4988
Image: C:\Windows\System32\conhost.exe
User: NT AUTHORITY\LOCAL SERVICE","5","3",,"4","5","0","-9223372036854775808","166","Microsoft-Windows-Sysmon","5770385f-c22a-43e0-bf4c-06f5698ffbd9","Microsoft-Windows-Sysmon/Operational","7304","7340","dndlove","S-1-5-18","2023-10-03 ?? 12:07:43",,,"Microsoft-Windows-Sysmon/Operational","System.UInt32[]","System.Diagnostics.Eventing.Reader.EventBookmark","??","??","Process terminated (rule: ProcessTerminate)","System.Collections.ObjectModel.ReadOnlyCollection`1[System.String]","System.Collections.Generic.List`1[System.Diagnostics.Eventing.Reader.EventProperty]"
"Process terminated:
RuleName: -
UtcTime: 2023-10-02 15:07:43.795
ProcessGuid: {39e13812-dcbf-651a-0302-000000000b00}
ProcessId: 4068
Image: C:\Windows\System32\appidcertstorecheck.exe
User: NT AUTHORITY\LOCAL SERVICE","5","3",,"4","5","0","-9223372036854775808","165","Microsoft-Windows-Sysmon","5770385f-c22a-43e0-bf4c-06f5698ffbd9","Microsoft-Windows-Sysmon/Operational","7304","7340","dndlove","S-1-5-18","2023-10-03 ?? 12:07:43",,,"Microsoft-Windows-Sysmon/Operational","System.UInt32[]","System.Diagnostics.Eventing.Reader.EventBookmark","??","??","Process terminated (rule: ProcessTerminate)","System.Collections.ObjectModel.ReadOnlyCollection`1[System.String]","System.Collections.Generic.List`1[System.Diagnostics.Eventing.Reader.EventProperty]"
"Process Create:
RuleName: -
UtcTime: 2023-10-02 15:07:43.689
ProcessGuid: {39e13812-dcbf-651a-0402-000000000b00}
ProcessId: 4988
Image: C:\Windows\System32\conhost.exe
FileVersion: 10.0.22621.1194 (WinBuild.160101.0800)
Description: Console Window Host
Product: Microsoft? Windows? Operating System
Company: Microsoft Corporation
OriginalFileName: CONHOST.EXE
CommandLine: \??\C:\Windows\system32\conhost.exe 0xffffffff -ForceV1
CurrentDirectory: C:\Windows
User: NT AUTHORITY\LOCAL SERVICE
LogonGuid: {39e13812-cc75-651a-e503-000000000000}
LogonId: 0x3E5
TerminalSessionId: 0
IntegrityLevel: System
Hashes: SHA256=AD71EDDCE50C702329F950D2A4799541D709E82765AF5FA61EEED1E17799383A
ParentProcessGuid: {39e13812-dcbf-651a-0302-000000000b00}
ParentProcessId: 4068
ParentImage: C:\Windows\System32\appidcertstorecheck.exe
ParentCommandLine: ""C:\Windows\system32\appidcertstorecheck.exe""
ParentUser: NT AUTHORITY\LOCAL SERVICE","1","5",,"4","1","0","-9223372036854775808","164","Microsoft-Windows-Sysmon","5770385f-c22a-43e0-bf4c-06f5698ffbd9","Microsoft-Windows-Sysmon/Operational","7304","7340","dndlove","S-1-5-18","2023-10-03 ?? 12:07:43",,,"Microsoft-Windows-Sysmon/Operational","System.UInt32[]","System.Diagnostics.Eventing.Reader.EventBookmark","??","??","Process Create (rule: ProcessCreate)","System.Collections.ObjectModel.ReadOnlyCollection`1[System.String]","System.Collections.Generic.List`1[System.Diagnostics.Eventing.Reader.EventProperty]"
"Process Create:
RuleName: -
UtcTime: 2023-10-02 15:07:43.670
ProcessGuid: {39e13812-dcbf-651a-0302-000000000b00}
ProcessId: 4068
Image: C:\Windows\System32\appidcertstorecheck.exe
FileVersion: 10.0.22621.1635 (WinBuild.160101.0800)
Description: AppID Certificate Store Verification Task
Product: Microsoft? Windows? Operating System
Company: Microsoft Corporation
OriginalFileName: AppIDCertstoreCheck.exe
CommandLine: ""C:\Windows\system32\appidcertstorecheck.exe""
CurrentDirectory: C:\Windows\system32\
User: NT AUTHORITY\LOCAL SERVICE
LogonGuid: {39e13812-cc75-651a-e503-000000000000}
LogonId: 0x3E5
TerminalSessionId: 0
IntegrityLevel: System
Hashes: SHA256=109D7FA51E3EBB2DD1C64251E65CCA782BFF45D811F73F7DEE3708DDAD726833
ParentProcessGuid: {39e13812-cc75-651a-1a00-000000000b00}
ParentProcessId: 1324
ParentImage: C:\Windows\System32\svchost.exe
ParentCommandLine: C:\Windows\system32\svchost.exe -k netsvcs -p -s Schedule
ParentUser: NT AUTHORITY\SYSTEM","1","5",,"4","1","0","-9223372036854775808","163","Microsoft-Windows-Sysmon","5770385f-c22a-43e0-bf4c-06f5698ffbd9","Microsoft-Windows-Sysmon/Operational","7304","7340","dndlove","S-1-5-18","2023-10-03 ?? 12:07:43",,,"Microsoft-Windows-Sysmon/Operational","System.UInt32[]","System.Diagnostics.Eventing.Reader.EventBookmark","??","??","Process Create (rule: ProcessCreate)","System.Collections.ObjectModel.ReadOnlyCollection`1[System.String]","System.Collections.Generic.List`1[System.Diagnostics.Eventing.Reader.EventProperty]"
"Process terminated:
RuleName: -
UtcTime: 2023-10-02 15:07:21.045
ProcessGuid: {39e13812-dc74-651a-fb01-000000000b00}
ProcessId: 2448
Image: C:\Program Files\WindowsApps\microsoft.windowscommunicationsapps_16005.14326.20544.0_x64__8wekyb3d8bbwe\HxTsr.exe
User: dndlove\dndlo","5","3",,"4","5","0","-9223372036854775808","162","Microsoft-Windows-Sysmon","5770385f-c22a-43e0-bf4c-06f5698ffbd9","Microsoft-Windows-Sysmon/Operational","7304","7340","dndlove","S-1-5-18","2023-10-03 ?? 12:07:21",,,"Microsoft-Windows-Sysmon/Operational","System.UInt32[]","System.Diagnostics.Eventing.Reader.EventBookmark","??","??","Process terminated (rule: ProcessTerminate)","System.Collections.ObjectModel.ReadOnlyCollection`1[System.String]","System.Collections.Generic.List`1[System.Diagnostics.Eventing.Reader.EventProperty]"
"Process terminated:
RuleName: -
UtcTime: 2023-10-02 15:07:21.018
ProcessGuid: {39e13812-d398-651a-a701-000000000b00}
ProcessId: 4984
Image: C:\Windows\System32\backgroundTaskHost.exe
User: dndlove\dndlo","5","3",,"4","5","0","-9223372036854775808","161","Microsoft-Windows-Sysmon","5770385f-c22a-43e0-bf4c-06f5698ffbd9","Microsoft-Windows-Sysmon/Operational","7304","7340","dndlove","S-1-5-18","2023-10-03 ?? 12:07:21",,,"Microsoft-Windows-Sysmon/Operational","System.UInt32[]","System.Diagnostics.Eventing.Reader.EventBookmark","??","??","Process terminated (rule: ProcessTerminate)","System.Collections.ObjectModel.ReadOnlyCollection`1[System.String]","System.Collections.Generic.List`1[System.Diagnostics.Eventing.Reader.EventProperty]"
"Process terminated:
RuleName: -
UtcTime: 2023-10-02 15:07:06.822
ProcessGuid: {39e13812-dc9a-651a-0202-000000000b00}
ProcessId: 6864
Image: C:\Windows\System32\conhost.exe
User: NT AUTHORITY\LOCAL SERVICE","5","3",,"4","5","0","-9223372036854775808","160","Microsoft-Windows-Sysmon","5770385f-c22a-43e0-bf4c-06f5698ffbd9","Microsoft-Windows-Sysmon/Operational","7304","7340","dndlove","S-1-5-18","2023-10-03 ?? 12:07:06",,,"Microsoft-Windows-Sysmon/Operational","System.UInt32[]","System.Diagnostics.Eventing.Reader.EventBookmark","??","??","Process terminated (rule: ProcessTerminate)","System.Collections.ObjectModel.ReadOnlyCollection`1[System.String]","System.Collections.Generic.List`1[System.Diagnostics.Eventing.Reader.EventProperty]"
"Process terminated:
RuleName: -
UtcTime: 2023-10-02 15:07:06.800
ProcessGuid: {39e13812-dc9a-651a-0102-000000000b00}
ProcessId: 5924
Image: C:\Windows\System32\appidcertstorecheck.exe
User: NT AUTHORITY\LOCAL SERVICE","5","3",,"4","5","0","-9223372036854775808","159","Microsoft-Windows-Sysmon","5770385f-c22a-43e0-bf4c-06f5698ffbd9","Microsoft-Windows-Sysmon/Operational","7304","7340","dndlove","S-1-5-18","2023-10-03 ?? 12:07:06",,,"Microsoft-Windows-Sysmon/Operational","System.UInt32[]","System.Diagnostics.Eventing.Reader.EventBookmark","??","??","Process terminated (rule: ProcessTerminate)","System.Collections.ObjectModel.ReadOnlyCollection`1[System.String]","System.Collections.Generic.List`1[System.Diagnostics.Eventing.Reader.EventProperty]"
