"Process terminated:
RuleName: -
UtcTime: 2023-10-02 14:35:44.388
ProcessGuid: {39e13812-d4a7-651a-b601-000000000b00}
ProcessId: 2920
Image: C:\Windows\System32\svchost.exe
User: NT AUTHORITY\SYSTEM","5","3",,"4","5","0","-9223372036854775808","31","Microsoft-Windows-Sysmon","5770385f-c22a-43e0-bf4c-06f5698ffbd9","Microsoft-Windows-Sysmon/Operational","7304","7340","dndlove","S-1-5-18","2023-10-02 ?? 11:35:44",,,"Microsoft-Windows-Sysmon/Operational","System.UInt32[]","System.Diagnostics.Eventing.Reader.EventBookmark","??","??","Process terminated (rule: ProcessTerminate)","System.Collections.ObjectModel.ReadOnlyCollection`1[System.String]","System.Collections.Generic.List`1[System.Diagnostics.Eventing.Reader.EventProperty]"
"Process Create:
RuleName: -
UtcTime: 2023-10-02 14:35:44.061
ProcessGuid: {39e13812-d540-651a-c001-000000000b00}
ProcessId: 9100
Image: C:\Windows\regedit.exe
FileVersion: 10.0.22621.1 (WinBuild.160101.0800)
Description: Registry Editor
Product: Microsoft? Windows? Operating System
Company: Microsoft Corporation
OriginalFileName: REGEDIT.EXE
CommandLine: ""C:\Windows\regedit.exe"" 
CurrentDirectory: C:\Windows\system32\
User: dndlove\dndlo
LogonGuid: {39e13812-cc80-651a-7759-030000000000}
LogonId: 0x35977
TerminalSessionId: 1
IntegrityLevel: High
Hashes: SHA256=93A813D746606E10D35D34DA32667DBB51A57EAC32DAFECF7A3F0C0557339B60
ParentProcessGuid: {39e13812-cc83-651a-6300-000000000b00}
ParentProcessId: 4656
ParentImage: C:\Windows\explorer.exe
ParentCommandLine: C:\Windows\Explorer.EXE
ParentUser: dndlove\dndlo","1","5",,"4","1","0","-9223372036854775808","30","Microsoft-Windows-Sysmon","5770385f-c22a-43e0-bf4c-06f5698ffbd9","Microsoft-Windows-Sysmon/Operational","7304","7340","dndlove","S-1-5-18","2023-10-02 ?? 11:35:44",,,"Microsoft-Windows-Sysmon/Operational","System.UInt32[]","System.Diagnostics.Eventing.Reader.EventBookmark","??","??","Process Create (rule: ProcessCreate)","System.Collections.ObjectModel.ReadOnlyCollection`1[System.String]","System.Collections.Generic.List`1[System.Diagnostics.Eventing.Reader.EventProperty]"
"Process terminated:
RuleName: -
UtcTime: 2023-10-02 14:35:44.014
ProcessGuid: {39e13812-d53b-651a-bd01-000000000b00}
ProcessId: 5216
Image: C:\Windows\System32\consent.exe
User: NT AUTHORITY\SYSTEM","5","3",,"4","5","0","-9223372036854775808","29","Microsoft-Windows-Sysmon","5770385f-c22a-43e0-bf4c-06f5698ffbd9","Microsoft-Windows-Sysmon/Operational","7304","7340","dndlove","S-1-5-18","2023-10-02 ?? 11:35:44",,,"Microsoft-Windows-Sysmon/Operational","System.UInt32[]","System.Diagnostics.Eventing.Reader.EventBookmark","??","??","Process terminated (rule: ProcessTerminate)","System.Collections.ObjectModel.ReadOnlyCollection`1[System.String]","System.Collections.Generic.List`1[System.Diagnostics.Eventing.Reader.EventProperty]"
"Process Create:
RuleName: -
UtcTime: 2023-10-02 14:35:40.275
ProcessGuid: {39e13812-d53c-651a-bf01-000000000b00}
ProcessId: 1980
Image: C:\Windows\System32\audiodg.exe
FileVersion: 10.0.22621.1344 (WinBuild.160101.0800)
Description: Windows Audio Device Graph Isolation 
Product: Microsoft? Windows? Operating System
Company: Microsoft Corporation
OriginalFileName: audioadg.exe
CommandLine: C:\Windows\system32\AUDIODG.EXE 0x0000000000000488 0x000000000000047C
CurrentDirectory: C:\Windows\system32\
User: NT AUTHORITY\LOCAL SERVICE
LogonGuid: {39e13812-cc75-651a-e503-000000000000}
LogonId: 0x3E5
TerminalSessionId: 0
IntegrityLevel: System
Hashes: SHA256=BFE63074109F7C83C3C9BC128084E4C0DDA026F57F8F2F429C70EB5960EDE270
ParentProcessGuid: {39e13812-cc77-651a-3300-000000000b00}
ParentProcessId: 2436
ParentImage: C:\Windows\System32\svchost.exe
ParentCommandLine: C:\Windows\System32\svchost.exe -k LocalServiceNetworkRestricted -p
ParentUser: NT AUTHORITY\LOCAL SERVICE","1","5",,"4","1","0","-9223372036854775808","28","Microsoft-Windows-Sysmon","5770385f-c22a-43e0-bf4c-06f5698ffbd9","Microsoft-Windows-Sysmon/Operational","7304","7340","dndlove","S-1-5-18","2023-10-02 ?? 11:35:40",,,"Microsoft-Windows-Sysmon/Operational","System.UInt32[]","System.Diagnostics.Eventing.Reader.EventBookmark","??","??","Process Create (rule: ProcessCreate)","System.Collections.ObjectModel.ReadOnlyCollection`1[System.String]","System.Collections.Generic.List`1[System.Diagnostics.Eventing.Reader.EventProperty]"
"Process Create:
RuleName: -
UtcTime: 2023-10-02 14:35:39.662
ProcessGuid: {39e13812-d53b-651a-be01-000000000b00}
ProcessId: 8324
Image: C:\Windows\System32\ctfmon.exe
FileVersion: 10.0.22621.1 (WinBuild.160101.0800)
Description: CTF Loader
Product: Microsoft? Windows? Operating System
Company: Microsoft Corporation
OriginalFileName: CTFMON.EXE
CommandLine: ""ctfmon.exe""
CurrentDirectory: C:\Windows\system32\
User: NT AUTHORITY\SYSTEM
LogonGuid: {39e13812-cc74-651a-e703-000000000000}
LogonId: 0x3E7
TerminalSessionId: 1
IntegrityLevel: System
Hashes: SHA256=7E067B7DA5DA60458B5F7D5A99BC7C7C1F41999CD2559985F09267B1EC2E56EC
ParentProcessGuid: {39e13812-cc77-651a-3400-000000000b00}
ParentProcessId: 2504
ParentImage: C:\Windows\System32\svchost.exe
ParentCommandLine: C:\Windows\System32\svchost.exe -k LocalSystemNetworkRestricted -p -s TextInputManagementService
ParentUser: NT AUTHORITY\SYSTEM","1","5",,"4","1","0","-9223372036854775808","27","Microsoft-Windows-Sysmon","5770385f-c22a-43e0-bf4c-06f5698ffbd9","Microsoft-Windows-Sysmon/Operational","7304","7340","dndlove","S-1-5-18","2023-10-02 ?? 11:35:39",,,"Microsoft-Windows-Sysmon/Operational","System.UInt32[]","System.Diagnostics.Eventing.Reader.EventBookmark","??","??","Process Create (rule: ProcessCreate)","System.Collections.ObjectModel.ReadOnlyCollection`1[System.String]","System.Collections.Generic.List`1[System.Diagnostics.Eventing.Reader.EventProperty]"
"Process Create:
RuleName: -
UtcTime: 2023-10-02 14:35:39.141
ProcessGuid: {39e13812-d53b-651a-bd01-000000000b00}
ProcessId: 5216
Image: C:\Windows\System32\consent.exe
FileVersion: 10.0.22621.1635 (WinBuild.160101.0800)
Description: Consent UI for administrative applications
Product: Microsoft? Windows? Operating System
Company: Microsoft Corporation
OriginalFileName: consent.exe
CommandLine: consent.exe 5152 258 000001C2AA06AE80
CurrentDirectory: C:\Windows\system32\
User: NT AUTHORITY\SYSTEM
LogonGuid: {39e13812-cc74-651a-e703-000000000000}
LogonId: 0x3E7
TerminalSessionId: 1
IntegrityLevel: System
Hashes: SHA256=8846219FBC8A8AF3717B7F7DD82EB4C66C622CC8A6FB885EC0B7DAE707C22AA4
ParentProcessGuid: {39e13812-cc8a-651a-6b00-000000000b00}
ParentProcessId: 5152
ParentImage: C:\Windows\System32\svchost.exe
ParentCommandLine: C:\Windows\system32\svchost.exe -k netsvcs -p -s Appinfo
ParentUser: NT AUTHORITY\SYSTEM","1","5",,"4","1","0","-9223372036854775808","26","Microsoft-Windows-Sysmon","5770385f-c22a-43e0-bf4c-06f5698ffbd9","Microsoft-Windows-Sysmon/Operational","7304","7340","dndlove","S-1-5-18","2023-10-02 ?? 11:35:39",,,"Microsoft-Windows-Sysmon/Operational","System.UInt32[]","System.Diagnostics.Eventing.Reader.EventBookmark","??","??","Process Create (rule: ProcessCreate)","System.Collections.ObjectModel.ReadOnlyCollection`1[System.String]","System.Collections.Generic.List`1[System.Diagnostics.Eventing.Reader.EventProperty]"
"Process terminated:
RuleName: -
UtcTime: 2023-10-02 14:35:38.928
ProcessGuid: {39e13812-d53a-651a-bc01-000000000b00}
ProcessId: 8460
Image: C:\Windows\regedit.exe
User: dndlove\dndlo","5","3",,"4","5","0","-9223372036854775808","25","Microsoft-Windows-Sysmon","5770385f-c22a-43e0-bf4c-06f5698ffbd9","Microsoft-Windows-Sysmon/Operational","7304","7340","dndlove","S-1-5-18","2023-10-02 ?? 11:35:38",,,"Microsoft-Windows-Sysmon/Operational","System.UInt32[]","System.Diagnostics.Eventing.Reader.EventBookmark","??","??","Process terminated (rule: ProcessTerminate)","System.Collections.ObjectModel.ReadOnlyCollection`1[System.String]","System.Collections.Generic.List`1[System.Diagnostics.Eventing.Reader.EventProperty]"
"Process Create:
RuleName: -
UtcTime: 2023-10-02 14:35:38.895
ProcessGuid: {39e13812-d53a-651a-bc01-000000000b00}
ProcessId: 8460
Image: C:\Windows\regedit.exe
FileVersion: 10.0.22621.1 (WinBuild.160101.0800)
Description: Registry Editor
Product: Microsoft? Windows? Operating System
Company: Microsoft Corporation
OriginalFileName: REGEDIT.EXE
CommandLine: ""C:\Windows\regedit.exe"" 
CurrentDirectory: C:\Windows\
User: dndlove\dndlo
LogonGuid: {39e13812-cc80-651a-ac59-030000000000}
LogonId: 0x359AC
TerminalSessionId: 1
IntegrityLevel: Medium
Hashes: SHA256=93A813D746606E10D35D34DA32667DBB51A57EAC32DAFECF7A3F0C0557339B60
ParentProcessGuid: {39e13812-cc83-651a-6300-000000000b00}
ParentProcessId: 4656
ParentImage: C:\Windows\explorer.exe
ParentCommandLine: C:\Windows\Explorer.EXE
ParentUser: dndlove\dndlo","1","5",,"4","1","0","-9223372036854775808","24","Microsoft-Windows-Sysmon","5770385f-c22a-43e0-bf4c-06f5698ffbd9","Microsoft-Windows-Sysmon/Operational","7304","7340","dndlove","S-1-5-18","2023-10-02 ?? 11:35:38",,,"Microsoft-Windows-Sysmon/Operational","System.UInt32[]","System.Diagnostics.Eventing.Reader.EventBookmark","??","??","Process Create (rule: ProcessCreate)","System.Collections.ObjectModel.ReadOnlyCollection`1[System.String]","System.Collections.Generic.List`1[System.Diagnostics.Eventing.Reader.EventProperty]"
"Process Create:
RuleName: -
UtcTime: 2023-10-02 14:35:38.504
ProcessGuid: {39e13812-d53a-651a-bb01-000000000b00}
ProcessId: 3820
Image: C:\Windows\System32\smartscreen.exe
FileVersion: 10.0.22621.1344 (WinBuild.160101.0800)
Description: Windows Defender SmartScreen
Product: Microsoft? Windows? Operating System
Company: Microsoft Corporation
OriginalFileName: smartscreen.exe
CommandLine: C:\Windows\System32\smartscreen.exe -Embedding
CurrentDirectory: C:\Windows\system32\
User: dndlove\dndlo
LogonGuid: {39e13812-cc80-651a-ac59-030000000000}
LogonId: 0x359AC
TerminalSessionId: 1
IntegrityLevel: Medium
Hashes: SHA256=F5B78C34E1E2584C890E042BB4E838C55AB87FC7C6AE0D35AA8FE5DB8CB2D927
ParentProcessGuid: {39e13812-cc74-651a-0d00-000000000b00}
ParentProcessId: 996
ParentImage: C:\Windows\System32\svchost.exe
ParentCommandLine: C:\Windows\system32\svchost.exe -k DcomLaunch -p
ParentUser: NT AUTHORITY\SYSTEM","1","5",,"4","1","0","-9223372036854775808","23","Microsoft-Windows-Sysmon","5770385f-c22a-43e0-bf4c-06f5698ffbd9","Microsoft-Windows-Sysmon/Operational","7304","7340","dndlove","S-1-5-18","2023-10-02 ?? 11:35:38",,,"Microsoft-Windows-Sysmon/Operational","System.UInt32[]","System.Diagnostics.Eventing.Reader.EventBookmark","??","??","Process Create (rule: ProcessCreate)","System.Collections.ObjectModel.ReadOnlyCollection`1[System.String]","System.Collections.Generic.List`1[System.Diagnostics.Eventing.Reader.EventProperty]"
"Process Create:
RuleName: -
UtcTime: 2023-10-02 14:35:00.650
ProcessGuid: {39e13812-d514-651a-ba01-000000000b00}
ProcessId: 3912
Image: C:\Windows\System32\svchost.exe
FileVersion: 10.0.22621.1 (WinBuild.160101.0800)
Description: Host Process for Windows Services
Product: Microsoft? Windows? Operating System
Company: Microsoft Corporation
OriginalFileName: svchost.exe
CommandLine: C:\Windows\system32\svchost.exe -k wusvcs -p -s WaaSMedicSvc
CurrentDirectory: C:\Windows\system32\
User: NT AUTHORITY\SYSTEM
LogonGuid: {39e13812-cc74-651a-e703-000000000000}
LogonId: 0x3E7
TerminalSessionId: 0
IntegrityLevel: System
Hashes: SHA256=949BFB5B4C7D58D92F3F9C5F8EC7CA4CEAFFD10EC5F0020F0A987C472D61C54B
ParentProcessGuid: {39e13812-cc74-651a-0b00-000000000b00}
ParentProcessId: 856
ParentImage: C:\Windows\System32\services.exe
ParentCommandLine: C:\Windows\system32\services.exe
ParentUser: NT AUTHORITY\SYSTEM","1","5",,"4","1","0","-9223372036854775808","22","Microsoft-Windows-Sysmon","5770385f-c22a-43e0-bf4c-06f5698ffbd9","Microsoft-Windows-Sysmon/Operational","7304","7340","dndlove","S-1-5-18","2023-10-02 ?? 11:35:00",,,"Microsoft-Windows-Sysmon/Operational","System.UInt32[]","System.Diagnostics.Eventing.Reader.EventBookmark","??","??","Process Create (rule: ProcessCreate)","System.Collections.ObjectModel.ReadOnlyCollection`1[System.String]","System.Collections.Generic.List`1[System.Diagnostics.Eventing.Reader.EventProperty]"
"Process Create:
RuleName: -
UtcTime: 2023-10-02 14:34:01.482
ProcessGuid: {39e13812-d4d9-651a-b901-000000000b00}
ProcessId: 4020
Image: C:\Windows\WinSxS\amd64_microsoft-windows-servicingstack_31bf3856ad364e35_10.0.22621.1626_none_e930f5a242f053dd\TiWorker.exe
FileVersion: 10.0.22621.1626 (WinBuild.160101.0800)
Description: Windows Modules Installer Worker
Product: Microsoft? Windows? Operating System
Company: Microsoft Corporation
OriginalFileName: TiWorker.exe
CommandLine: C:\Windows\winsxs\amd64_microsoft-windows-servicingstack_31bf3856ad364e35_10.0.22621.1626_none_e930f5a242f053dd\TiWorker.exe -Embedding
CurrentDirectory: C:\Windows\system32\
User: NT AUTHORITY\SYSTEM
LogonGuid: {39e13812-cc74-651a-e703-000000000000}
LogonId: 0x3E7
TerminalSessionId: 0
IntegrityLevel: System
Hashes: SHA256=C869F060EE84893F1C56B528A10CA65527121CA3BB0B63EE8FD35DDF60A19118
ParentProcessGuid: {39e13812-cc74-651a-0d00-000000000b00}
ParentProcessId: 996
ParentImage: C:\Windows\System32\svchost.exe
ParentCommandLine: C:\Windows\system32\svchost.exe -k DcomLaunch -p
ParentUser: NT AUTHORITY\SYSTEM","1","5",,"4","1","0","-9223372036854775808","21","Microsoft-Windows-Sysmon","5770385f-c22a-43e0-bf4c-06f5698ffbd9","Microsoft-Windows-Sysmon/Operational","7304","7340","dndlove","S-1-5-18","2023-10-02 ?? 11:34:01",,,"Microsoft-Windows-Sysmon/Operational","System.UInt32[]","System.Diagnostics.Eventing.Reader.EventBookmark","??","??","Process Create (rule: ProcessCreate)","System.Collections.ObjectModel.ReadOnlyCollection`1[System.String]","System.Collections.Generic.List`1[System.Diagnostics.Eventing.Reader.EventProperty]"
"Process Create:
RuleName: -
UtcTime: 2023-10-02 14:34:01.323
ProcessGuid: {39e13812-d4d9-651a-b801-000000000b00}
ProcessId: 5164
Image: C:\Windows\servicing\TrustedInstaller.exe
FileVersion: 10.0.22621.1 (WinBuild.160101.0800)
Description: Windows Modules Installer
Product: Microsoft? Windows? Operating System
Company: Microsoft Corporation
OriginalFileName: TrustedInstaller.exe
CommandLine: C:\Windows\servicing\TrustedInstaller.exe
CurrentDirectory: C:\Windows\system32\
User: NT AUTHORITY\SYSTEM
LogonGuid: {39e13812-cc74-651a-e703-000000000000}
LogonId: 0x3E7
TerminalSessionId: 0
IntegrityLevel: System
Hashes: SHA256=A7046DD1900DAE0C6605493DFC61F3C5248E1901325F8427C8093B7B598DF6B0
ParentProcessGuid: {39e13812-cc74-651a-0b00-000000000b00}
ParentProcessId: 856
ParentImage: C:\Windows\System32\services.exe
ParentCommandLine: C:\Windows\system32\services.exe
ParentUser: NT AUTHORITY\SYSTEM","1","5",,"4","1","0","-9223372036854775808","20","Microsoft-Windows-Sysmon","5770385f-c22a-43e0-bf4c-06f5698ffbd9","Microsoft-Windows-Sysmon/Operational","7304","7340","dndlove","S-1-5-18","2023-10-02 ?? 11:34:01",,,"Microsoft-Windows-Sysmon/Operational","System.UInt32[]","System.Diagnostics.Eventing.Reader.EventBookmark","??","??","Process Create (rule: ProcessCreate)","System.Collections.ObjectModel.ReadOnlyCollection`1[System.String]","System.Collections.Generic.List`1[System.Diagnostics.Eventing.Reader.EventProperty]"
"Process terminated:
RuleName: -
UtcTime: 2023-10-02 14:33:35.005
ProcessGuid: {39e13812-d4a8-651a-b701-000000000b00}
ProcessId: 3168
Image: C:\Windows\System32\sppsvc.exe
User: NT AUTHORITY\NETWORK SERVICE","5","3",,"4","5","0","-9223372036854775808","19","Microsoft-Windows-Sysmon","5770385f-c22a-43e0-bf4c-06f5698ffbd9","Microsoft-Windows-Sysmon/Operational","7304","7340","dndlove","S-1-5-18","2023-10-02 ?? 11:33:35",,,"Microsoft-Windows-Sysmon/Operational","System.UInt32[]","System.Diagnostics.Eventing.Reader.EventBookmark","??","??","Process terminated (rule: ProcessTerminate)","System.Collections.ObjectModel.ReadOnlyCollection`1[System.String]","System.Collections.Generic.List`1[System.Diagnostics.Eventing.Reader.EventProperty]"
"Process terminated:
RuleName: -
UtcTime: 2023-10-02 14:33:29.553
ProcessGuid: {39e13812-d2c7-651a-9a01-000000000b00}
ProcessId: 2380
Image: C:\Windows\System32\audiodg.exe
User: NT AUTHORITY\LOCAL SERVICE","5","3",,"4","5","0","-9223372036854775808","18","Microsoft-Windows-Sysmon","5770385f-c22a-43e0-bf4c-06f5698ffbd9","Microsoft-Windows-Sysmon/Operational","7304","7340","dndlove","S-1-5-18","2023-10-02 ?? 11:33:29",,,"Microsoft-Windows-Sysmon/Operational","System.UInt32[]","System.Diagnostics.Eventing.Reader.EventBookmark","??","??","Process terminated (rule: ProcessTerminate)","System.Collections.ObjectModel.ReadOnlyCollection`1[System.String]","System.Collections.Generic.List`1[System.Diagnostics.Eventing.Reader.EventProperty]"
"Process terminated:
RuleName: -
UtcTime: 2023-10-02 14:33:25.871
ProcessGuid: {39e13812-d1da-651a-8e01-000000000b00}
ProcessId: 7668
Image: C:\Windows\System32\smartscreen.exe
User: dndlove\dndlo","5","3",,"4","5","0","-9223372036854775808","17","Microsoft-Windows-Sysmon","5770385f-c22a-43e0-bf4c-06f5698ffbd9","Microsoft-Windows-Sysmon/Operational","7304","7340","dndlove","S-1-5-18","2023-10-02 ?? 11:33:25",,,"Microsoft-Windows-Sysmon/Operational","System.UInt32[]","System.Diagnostics.Eventing.Reader.EventBookmark","??","??","Process terminated (rule: ProcessTerminate)","System.Collections.ObjectModel.ReadOnlyCollection`1[System.String]","System.Collections.Generic.List`1[System.Diagnostics.Eventing.Reader.EventProperty]"
"Process Create:
RuleName: -
UtcTime: 2023-10-02 14:33:12.622
ProcessGuid: {39e13812-d4a8-651a-b701-000000000b00}
ProcessId: 3168
Image: C:\Windows\System32\sppsvc.exe
FileVersion: 10.0.22621.1702 (WinBuild.160101.0800)
Description: Microsoft Software Protection Platform Service
Product: Microsoft? Windows? Operating System
Company: Microsoft Corporation
OriginalFileName: sppsvc.exe
CommandLine: C:\Windows\system32\sppsvc.exe
CurrentDirectory: C:\Windows
User: NT AUTHORITY\NETWORK SERVICE
LogonGuid: {39e13812-cc74-651a-e403-000000000000}
LogonId: 0x3E4
TerminalSessionId: 0
IntegrityLevel: System
Hashes: SHA256=C307FC57846BCE3BB2E05A20E61518C860A6BE0C14F3770F3413DE078DCD6E28
ParentProcessGuid: {39e13812-cc74-651a-0b00-000000000b00}
ParentProcessId: 856
ParentImage: C:\Windows\System32\services.exe
ParentCommandLine: C:\Windows\system32\services.exe
ParentUser: NT AUTHORITY\SYSTEM","1","5",,"4","1","0","-9223372036854775808","16","Microsoft-Windows-Sysmon","5770385f-c22a-43e0-bf4c-06f5698ffbd9","Microsoft-Windows-Sysmon/Operational","7304","7340","dndlove","S-1-5-18","2023-10-02 ?? 11:33:12",,,"Microsoft-Windows-Sysmon/Operational","System.UInt32[]","System.Diagnostics.Eventing.Reader.EventBookmark","??","??","Process Create (rule: ProcessCreate)","System.Collections.ObjectModel.ReadOnlyCollection`1[System.String]","System.Collections.Generic.List`1[System.Diagnostics.Eventing.Reader.EventProperty]"
"Process Create:
RuleName: -
UtcTime: 2023-10-02 14:33:11.878
ProcessGuid: {39e13812-d4a7-651a-b601-000000000b00}
ProcessId: 2920
Image: C:\Windows\System32\svchost.exe
FileVersion: 10.0.22621.1 (WinBuild.160101.0800)
Description: Host Process for Windows Services
Product: Microsoft? Windows? Operating System
Company: Microsoft Corporation
OriginalFileName: svchost.exe
CommandLine: C:\Windows\System32\svchost.exe -k netsvcs -p -s NetSetupSvc
CurrentDirectory: C:\Windows\system32\
User: NT AUTHORITY\SYSTEM
LogonGuid: {39e13812-cc74-651a-e703-000000000000}
LogonId: 0x3E7
TerminalSessionId: 0
IntegrityLevel: System
Hashes: SHA256=949BFB5B4C7D58D92F3F9C5F8EC7CA4CEAFFD10EC5F0020F0A987C472D61C54B
ParentProcessGuid: {39e13812-cc74-651a-0b00-000000000b00}
ParentProcessId: 856
ParentImage: C:\Windows\System32\services.exe
ParentCommandLine: C:\Windows\system32\services.exe
ParentUser: NT AUTHORITY\SYSTEM","1","5",,"4","1","0","-9223372036854775808","15","Microsoft-Windows-Sysmon","5770385f-c22a-43e0-bf4c-06f5698ffbd9","Microsoft-Windows-Sysmon/Operational","7304","7340","dndlove","S-1-5-18","2023-10-02 ?? 11:33:11",,,"Microsoft-Windows-Sysmon/Operational","System.UInt32[]","System.Diagnostics.Eventing.Reader.EventBookmark","??","??","Process Create (rule: ProcessCreate)","System.Collections.ObjectModel.ReadOnlyCollection`1[System.String]","System.Collections.Generic.List`1[System.Diagnostics.Eventing.Reader.EventProperty]"
"Process Create:
RuleName: -
UtcTime: 2023-10-02 14:33:11.766
ProcessGuid: {39e13812-d4a7-651a-b501-000000000b00}
ProcessId: 5452
Image: C:\Windows\System32\wbem\WmiPrvSE.exe
FileVersion: 10.0.22621.1 (WinBuild.160101.0800)
Description: WMI Provider Host
Product: Microsoft? Windows? Operating System
Company: Microsoft Corporation
OriginalFileName: Wmiprvse.exe
CommandLine: C:\Windows\system32\wbem\wmiprvse.exe -secured -Embedding
CurrentDirectory: C:\Windows\system32\
User: NT AUTHORITY\NETWORK SERVICE
LogonGuid: {39e13812-cc74-651a-e403-000000000000}
LogonId: 0x3E4
TerminalSessionId: 0
IntegrityLevel: System
Hashes: SHA256=196CABED59111B6C4BBF78C84A56846D96CBBC4F06935A4FD4E6432EF0AE4083
ParentProcessGuid: {39e13812-cc74-651a-0d00-000000000b00}
ParentProcessId: 996
ParentImage: C:\Windows\System32\svchost.exe
ParentCommandLine: C:\Windows\system32\svchost.exe -k DcomLaunch -p
ParentUser: NT AUTHORITY\SYSTEM","1","5",,"4","1","0","-9223372036854775808","14","Microsoft-Windows-Sysmon","5770385f-c22a-43e0-bf4c-06f5698ffbd9","Microsoft-Windows-Sysmon/Operational","7304","7340","dndlove","S-1-5-18","2023-10-02 ?? 11:33:11",,,"Microsoft-Windows-Sysmon/Operational","System.UInt32[]","System.Diagnostics.Eventing.Reader.EventBookmark","??","??","Process Create (rule: ProcessCreate)","System.Collections.ObjectModel.ReadOnlyCollection`1[System.String]","System.Collections.Generic.List`1[System.Diagnostics.Eventing.Reader.EventProperty]"
"Process Create:
RuleName: -
UtcTime: 2023-10-02 14:33:11.579
ProcessGuid: {39e13812-d4a7-651a-b401-000000000b00}
ProcessId: 3308
Image: C:\Windows\System32\wbem\WmiPrvSE.exe
FileVersion: 10.0.22621.1 (WinBuild.160101.0800)
Description: WMI Provider Host
Product: Microsoft? Windows? Operating System
Company: Microsoft Corporation
OriginalFileName: Wmiprvse.exe
CommandLine: C:\Windows\system32\wbem\wmiprvse.exe -secured -Embedding
CurrentDirectory: C:\Windows\system32\
User: NT AUTHORITY\LOCAL SERVICE
LogonGuid: {39e13812-cc75-651a-e503-000000000000}
LogonId: 0x3E5
TerminalSessionId: 0
IntegrityLevel: System
Hashes: SHA256=196CABED59111B6C4BBF78C84A56846D96CBBC4F06935A4FD4E6432EF0AE4083
ParentProcessGuid: {39e13812-cc74-651a-0d00-000000000b00}
ParentProcessId: 996
ParentImage: C:\Windows\System32\svchost.exe
ParentCommandLine: C:\Windows\system32\svchost.exe -k DcomLaunch -p
ParentUser: NT AUTHORITY\SYSTEM","1","5",,"4","1","0","-9223372036854775808","13","Microsoft-Windows-Sysmon","5770385f-c22a-43e0-bf4c-06f5698ffbd9","Microsoft-Windows-Sysmon/Operational","7304","7340","dndlove","S-1-5-18","2023-10-02 ?? 11:33:11",,,"Microsoft-Windows-Sysmon/Operational","System.UInt32[]","System.Diagnostics.Eventing.Reader.EventBookmark","??","??","Process Create (rule: ProcessCreate)","System.Collections.ObjectModel.ReadOnlyCollection`1[System.String]","System.Collections.Generic.List`1[System.Diagnostics.Eventing.Reader.EventProperty]"
"Process terminated:
RuleName: -
UtcTime: 2023-10-02 14:31:40.982
ProcessGuid: {39e13812-d38d-651a-a601-000000000b00}
ProcessId: 3628
Image: C:\Windows\System32\conhost.exe
User: dndlove\dndlo","5","3",,"4","5","0","-9223372036854775808","12","Microsoft-Windows-Sysmon","5770385f-c22a-43e0-bf4c-06f5698ffbd9","Microsoft-Windows-Sysmon/Operational","7304","7340","dndlove","S-1-5-18","2023-10-02 ?? 11:31:40",,,"Microsoft-Windows-Sysmon/Operational","System.UInt32[]","System.Diagnostics.Eventing.Reader.EventBookmark","??","??","Process terminated (rule: ProcessTerminate)","System.Collections.ObjectModel.ReadOnlyCollection`1[System.String]","System.Collections.Generic.List`1[System.Diagnostics.Eventing.Reader.EventProperty]"
"Process terminated:
RuleName: -
UtcTime: 2023-10-02 14:31:40.868
ProcessGuid: {39e13812-d38d-651a-a501-000000000b00}
ProcessId: 5076
Image: C:\Windows\System32\WindowsPowerShell\v1.0\powershell.exe
User: dndlove\dndlo","5","3",,"4","5","0","-9223372036854775808","11","Microsoft-Windows-Sysmon","5770385f-c22a-43e0-bf4c-06f5698ffbd9","Microsoft-Windows-Sysmon/Operational","7304","7340","dndlove","S-1-5-18","2023-10-02 ?? 11:31:40",,,"Microsoft-Windows-Sysmon/Operational","System.UInt32[]","System.Diagnostics.Eventing.Reader.EventBookmark","??","??","Process terminated (rule: ProcessTerminate)","System.Collections.ObjectModel.ReadOnlyCollection`1[System.String]","System.Collections.Generic.List`1[System.Diagnostics.Eventing.Reader.EventProperty]"
"Process terminated:
RuleName: -
UtcTime: 2023-10-02 14:31:03.373
ProcessGuid: {39e13812-d3af-651a-ab01-000000000b00}
ProcessId: 8452
Image: C:\Windows\System32\SearchProtocolHost.exe
User: NT AUTHORITY\SYSTEM","5","3",,"4","5","0","-9223372036854775808","10","Microsoft-Windows-Sysmon","5770385f-c22a-43e0-bf4c-06f5698ffbd9","Microsoft-Windows-Sysmon/Operational","7304","7340","dndlove","S-1-5-18","2023-10-02 ?? 11:31:03",,,"Microsoft-Windows-Sysmon/Operational","System.UInt32[]","System.Diagnostics.Eventing.Reader.EventBookmark","??","??","Process terminated (rule: ProcessTerminate)","System.Collections.ObjectModel.ReadOnlyCollection`1[System.String]","System.Collections.Generic.List`1[System.Diagnostics.Eventing.Reader.EventProperty]"
"Process terminated:
RuleName: -
UtcTime: 2023-10-02 14:31:03.019
ProcessGuid: {39e13812-d331-651a-9e01-000000000b00}
ProcessId: 1680
Image: C:\Windows\System32\wbem\WmiPrvSE.exe
User: NT AUTHORITY\LOCAL SERVICE","5","3",,"4","5","0","-9223372036854775808","9","Microsoft-Windows-Sysmon","5770385f-c22a-43e0-bf4c-06f5698ffbd9","Microsoft-Windows-Sysmon/Operational","7304","7340","dndlove","S-1-5-18","2023-10-02 ?? 11:31:03",,,"Microsoft-Windows-Sysmon/Operational","System.UInt32[]","System.Diagnostics.Eventing.Reader.EventBookmark","??","??","Process terminated (rule: ProcessTerminate)","System.Collections.ObjectModel.ReadOnlyCollection`1[System.String]","System.Collections.Generic.List`1[System.Diagnostics.Eventing.Reader.EventProperty]"
"Process terminated:
RuleName: -
UtcTime: 2023-10-02 14:30:47.953
ProcessGuid: {39e13812-d331-651a-9f01-000000000b00}
ProcessId: 4760
Image: C:\Windows\System32\svchost.exe
User: NT AUTHORITY\SYSTEM","5","3",,"4","5","0","-9223372036854775808","8","Microsoft-Windows-Sysmon","5770385f-c22a-43e0-bf4c-06f5698ffbd9","Microsoft-Windows-Sysmon/Operational","7304","7340","dndlove","S-1-5-18","2023-10-02 ?? 11:30:47",,,"Microsoft-Windows-Sysmon/Operational","System.UInt32[]","System.Diagnostics.Eventing.Reader.EventBookmark","??","??","Process terminated (rule: ProcessTerminate)","System.Collections.ObjectModel.ReadOnlyCollection`1[System.String]","System.Collections.Generic.List`1[System.Diagnostics.Eventing.Reader.EventProperty]"
"Process Create:
RuleName: -
UtcTime: 2023-10-02 14:29:48.496
ProcessGuid: {39e13812-d3dc-651a-b301-000000000b00}
ProcessId: 8416
Image: C:\Windows\System32\svchost.exe
FileVersion: 10.0.22621.1 (WinBuild.160101.0800)
Description: Host Process for Windows Services
Product: Microsoft? Windows? Operating System
Company: Microsoft Corporation
OriginalFileName: svchost.exe
CommandLine: C:\Windows\system32\svchost.exe -k netsvcs -p -s gpsvc
CurrentDirectory: C:\Windows\system32\
User: NT AUTHORITY\SYSTEM
LogonGuid: {39e13812-cc74-651a-e703-000000000000}
LogonId: 0x3E7
TerminalSessionId: 0
IntegrityLevel: System
Hashes: SHA256=949BFB5B4C7D58D92F3F9C5F8EC7CA4CEAFFD10EC5F0020F0A987C472D61C54B
ParentProcessGuid: {39e13812-cc74-651a-0b00-000000000b00}
ParentProcessId: 856
ParentImage: C:\Windows\System32\services.exe
ParentCommandLine: C:\Windows\system32\services.exe
ParentUser: NT AUTHORITY\SYSTEM","1","5",,"4","1","0","-9223372036854775808","7","Microsoft-Windows-Sysmon","5770385f-c22a-43e0-bf4c-06f5698ffbd9","Microsoft-Windows-Sysmon/Operational","7304","7340","dndlove","S-1-5-18","2023-10-02 ?? 11:29:48",,,"Microsoft-Windows-Sysmon/Operational","System.UInt32[]","System.Diagnostics.Eventing.Reader.EventBookmark","??","??","Process Create (rule: ProcessCreate)","System.Collections.ObjectModel.ReadOnlyCollection`1[System.String]","System.Collections.Generic.List`1[System.Diagnostics.Eventing.Reader.EventProperty]"
"Process terminated:
RuleName: -
UtcTime: 2023-10-02 14:29:18.154
ProcessGuid: {39e13812-d3ac-651a-a901-000000000b00}
ProcessId: 3256
Image: C:\Users\dndlo\sysmon\Sysmon.exe
User: dndlove\dndlo","5","3",,"4","5","0","-9223372036854775808","6","Microsoft-Windows-Sysmon","5770385f-c22a-43e0-bf4c-06f5698ffbd9","Microsoft-Windows-Sysmon/Operational","7304","7340","dndlove","S-1-5-18","2023-10-02 ?? 11:29:18",,,"Microsoft-Windows-Sysmon/Operational","System.UInt32[]","System.Diagnostics.Eventing.Reader.EventBookmark","??","??","Process terminated (rule: ProcessTerminate)","System.Collections.ObjectModel.ReadOnlyCollection`1[System.String]","System.Collections.Generic.List`1[System.Diagnostics.Eventing.Reader.EventProperty]"
"Process terminated:
RuleName: -
UtcTime: 2023-10-02 14:29:18.090
ProcessGuid: {39e13812-d3ac-651a-aa01-000000000b00}
ProcessId: 5780
Image: C:\Users\dndlo\AppData\Local\Temp\Sysmon.exe
User: dndlove\dndlo","5","3",,"4","5","0","-9223372036854775808","5","Microsoft-Windows-Sysmon","5770385f-c22a-43e0-bf4c-06f5698ffbd9","Microsoft-Windows-Sysmon/Operational","7304","7340","dndlove","S-1-5-18","2023-10-02 ?? 11:29:18",,,"Microsoft-Windows-Sysmon/Operational","System.UInt32[]","System.Diagnostics.Eventing.Reader.EventBookmark","??","??","Process terminated (rule: ProcessTerminate)","System.Collections.ObjectModel.ReadOnlyCollection`1[System.String]","System.Collections.Generic.List`1[System.Diagnostics.Eventing.Reader.EventProperty]"
"Process Create:
RuleName: -
UtcTime: 2023-10-02 14:29:16.822
ProcessGuid: {39e13812-d3bc-651a-b201-000000000b00}
ProcessId: 8788
Image: C:\Windows\System32\wbem\unsecapp.exe
FileVersion: 10.0.22621.1 (WinBuild.160101.0800)
Description: Sink to receive asynchronous callbacks for WMI client application
Product: Microsoft? Windows? Operating System
Company: Microsoft Corporation
OriginalFileName: unsecapp.dll
CommandLine: C:\Windows\system32\wbem\unsecapp.exe -Embedding
CurrentDirectory: C:\Windows\system32\
User: NT AUTHORITY\SYSTEM
LogonGuid: {39e13812-cc74-651a-e703-000000000000}
LogonId: 0x3E7
TerminalSessionId: 0
IntegrityLevel: System
Hashes: SHA256=82AEBA4106CE4201F6A9812929E85DD325E999B556291A032DDFAD9B9B21F158
ParentProcessGuid: {39e13812-cc74-651a-0d00-000000000b00}
ParentProcessId: 996
ParentImage: C:\Windows\System32\svchost.exe
ParentCommandLine: C:\Windows\system32\svchost.exe -k DcomLaunch -p
ParentUser: NT AUTHORITY\SYSTEM","1","5",,"4","1","0","-9223372036854775808","4","Microsoft-Windows-Sysmon","5770385f-c22a-43e0-bf4c-06f5698ffbd9","Microsoft-Windows-Sysmon/Operational","7304","7340","dndlove","S-1-5-18","2023-10-02 ?? 11:29:17",,,"Microsoft-Windows-Sysmon/Operational","System.UInt32[]","System.Diagnostics.Eventing.Reader.EventBookmark","??","??","Process Create (rule: ProcessCreate)","System.Collections.ObjectModel.ReadOnlyCollection`1[System.String]","System.Collections.Generic.List`1[System.Diagnostics.Eventing.Reader.EventProperty]"
"Process Create:
RuleName: -
UtcTime: 2023-10-02 14:29:16.267
ProcessGuid: {39e13812-d3bc-651a-b101-000000000b00}
ProcessId: 7304
Image: C:\Windows\Sysmon.exe
FileVersion: 15.0
Description: System activity monitor
Product: Sysinternals Sysmon
Company: Sysinternals - www.sysinternals.com
OriginalFileName: -
CommandLine: C:\Windows\Sysmon.exe
CurrentDirectory: C:\Windows\system32\
User: NT AUTHORITY\SYSTEM
LogonGuid: {39e13812-cc74-651a-e703-000000000000}
LogonId: 0x3E7
TerminalSessionId: 0
IntegrityLevel: System
Hashes: SHA256=5485CA7E2BE4AFC76AADD97536192CF2850228FE338083D6BAB4C981BD6DDF92
ParentProcessGuid: {39e13812-cc74-651a-0b00-000000000b00}
ParentProcessId: 856
ParentImage: C:\Windows\System32\services.exe
ParentCommandLine: C:\Windows\system32\services.exe
ParentUser: NT AUTHORITY\SYSTEM","1","5",,"4","1","0","-9223372036854775808","3","Microsoft-Windows-Sysmon","5770385f-c22a-43e0-bf4c-06f5698ffbd9","Microsoft-Windows-Sysmon/Operational","7304","7340","dndlove","S-1-5-18","2023-10-02 ?? 11:29:17",,,"Microsoft-Windows-Sysmon/Operational","System.UInt32[]","System.Diagnostics.Eventing.Reader.EventBookmark","??","??","Process Create (rule: ProcessCreate)","System.Collections.ObjectModel.ReadOnlyCollection`1[System.String]","System.Collections.Generic.List`1[System.Diagnostics.Eventing.Reader.EventProperty]"
"Sysmon service state changed:
UtcTime: 2023-10-02 14:29:17.078
State: Started
Version: 15.0
SchemaVersion: 4.90","4","3",,"4","4","0","-9223372036854775808","2","Microsoft-Windows-Sysmon","5770385f-c22a-43e0-bf4c-06f5698ffbd9","Microsoft-Windows-Sysmon/Operational","7304","7340","dndlove","S-1-5-18","2023-10-02 ?? 11:29:17",,,"Microsoft-Windows-Sysmon/Operational","System.UInt32[]","System.Diagnostics.Eventing.Reader.EventBookmark","??","??","Sysmon service state changed","System.Collections.ObjectModel.ReadOnlyCollection`1[System.String]","System.Collections.Generic.List`1[System.Diagnostics.Eventing.Reader.EventProperty]"
"Sysmon config state changed:
UtcTime: 2023-10-02 14:29:15.901
Configuration: ""C:\Users\dndlo\sysmon\Sysmon.exe"" -i
ConfigurationFileHash: -","16","3",,"4","16","0","-9223372036854775808","1","Microsoft-Windows-Sysmon","5770385f-c22a-43e0-bf4c-06f5698ffbd9","Microsoft-Windows-Sysmon/Operational","5780","1928","dndlove","S-1-5-21-1270683823-84590491-594203663-1001","2023-10-02 ?? 11:29:15",,,"Microsoft-Windows-Sysmon/Operational","System.UInt32[]","System.Diagnostics.Eventing.Reader.EventBookmark","??","??","Sysmon config state changed","System.Collections.ObjectModel.ReadOnlyCollection`1[System.String]","System.Collections.Generic.List`1[System.Diagnostics.Eventing.Reader.EventProperty]"
