"Process Create:
RuleName: -
UtcTime: 2023-10-02 14:51:58.458
ProcessGuid: {39e13812-d90e-651a-d601-000000000b00}
ProcessId: 6856
Image: C:\Windows\System32\svchost.exe
FileVersion: 10.0.22621.1 (WinBuild.160101.0800)
Description: Host Process for Windows Services
Product: Microsoft? Windows? Operating System
Company: Microsoft Corporation
OriginalFileName: svchost.exe
CommandLine: C:\Windows\system32\svchost.exe -k netsvcs -p -s wlidsvc
CurrentDirectory: C:\Windows\system32\
User: NT AUTHORITY\SYSTEM
LogonGuid: {39e13812-cc74-651a-e703-000000000000}
LogonId: 0x3E7
TerminalSessionId: 0
IntegrityLevel: System
Hashes: SHA256=949BFB5B4C7D58D92F3F9C5F8EC7CA4CEAFFD10EC5F0020F0A987C472D61C54B
ParentProcessGuid: {39e13812-cc74-651a-0b00-000000000b00}
ParentProcessId: 856
ParentImage: C:\Windows\System32\services.exe
ParentCommandLine: C:\Windows\system32\services.exe
ParentUser: NT AUTHORITY\SYSTEM","1","5",,"4","1","0","-9223372036854775808","77","Microsoft-Windows-Sysmon","5770385f-c22a-43e0-bf4c-06f5698ffbd9","Microsoft-Windows-Sysmon/Operational","7304","7340","dndlove","S-1-5-18","2023-10-02 ?? 11:51:58",,,"Microsoft-Windows-Sysmon/Operational","System.UInt32[]","System.Diagnostics.Eventing.Reader.EventBookmark","??","??","Process Create (rule: ProcessCreate)","System.Collections.ObjectModel.ReadOnlyCollection`1[System.String]","System.Collections.Generic.List`1[System.Diagnostics.Eventing.Reader.EventProperty]"
"Process Create:
RuleName: -
UtcTime: 2023-10-02 14:51:58.387
ProcessGuid: {39e13812-d90e-651a-d501-000000000b00}
ProcessId: 4744
Image: C:\Windows\System32\taskhostw.exe
FileVersion: 10.0.22621.1635 (WinBuild.160101.0800)
Description: Host Process for Windows Tasks
Product: Microsoft? Windows? Operating System
Company: Microsoft Corporation
OriginalFileName: taskhostw.exe
CommandLine: taskhostw.exe -RegisterDevice -SettingChange
CurrentDirectory: C:\Windows\system32\
User: NT AUTHORITY\SYSTEM
LogonGuid: {39e13812-cc74-651a-e703-000000000000}
LogonId: 0x3E7
TerminalSessionId: 0
IntegrityLevel: System
Hashes: SHA256=82472A84BCBB4009ADD338200F8E853FE4C5EAFE2E2C3A2D711B85BF29B72D54
ParentProcessGuid: {39e13812-cc75-651a-1a00-000000000b00}
ParentProcessId: 1324
ParentImage: C:\Windows\System32\svchost.exe
ParentCommandLine: C:\Windows\system32\svchost.exe -k netsvcs -p -s Schedule
ParentUser: NT AUTHORITY\SYSTEM","1","5",,"4","1","0","-9223372036854775808","76","Microsoft-Windows-Sysmon","5770385f-c22a-43e0-bf4c-06f5698ffbd9","Microsoft-Windows-Sysmon/Operational","7304","7340","dndlove","S-1-5-18","2023-10-02 ?? 11:51:58",,,"Microsoft-Windows-Sysmon/Operational","System.UInt32[]","System.Diagnostics.Eventing.Reader.EventBookmark","??","??","Process Create (rule: ProcessCreate)","System.Collections.ObjectModel.ReadOnlyCollection`1[System.String]","System.Collections.Generic.List`1[System.Diagnostics.Eventing.Reader.EventProperty]"
"Process terminated:
RuleName: -
UtcTime: 2023-10-02 14:49:28.726
ProcessGuid: {39e13812-d81e-651a-d201-000000000b00}
ProcessId: 8672
Image: C:\Windows\System32\wbem\WmiPrvSE.exe
User: NT AUTHORITY\NETWORK SERVICE","5","3",,"4","5","0","-9223372036854775808","75","Microsoft-Windows-Sysmon","5770385f-c22a-43e0-bf4c-06f5698ffbd9","Microsoft-Windows-Sysmon/Operational","7304","7340","dndlove","S-1-5-18","2023-10-02 ?? 11:49:28",,,"Microsoft-Windows-Sysmon/Operational","System.UInt32[]","System.Diagnostics.Eventing.Reader.EventBookmark","??","??","Process terminated (rule: ProcessTerminate)","System.Collections.ObjectModel.ReadOnlyCollection`1[System.String]","System.Collections.Generic.List`1[System.Diagnostics.Eventing.Reader.EventProperty]"
"Process Create:
RuleName: -
UtcTime: 2023-10-02 14:47:59.616
ProcessGuid: {39e13812-d81f-651a-d401-000000000b00}
ProcessId: 492
Image: C:\Windows\System32\svchost.exe
FileVersion: 10.0.22621.1 (WinBuild.160101.0800)
Description: Host Process for Windows Services
Product: Microsoft? Windows? Operating System
Company: Microsoft Corporation
OriginalFileName: svchost.exe
CommandLine: C:\Windows\System32\svchost.exe -k wsappx -p -s ClipSVC
CurrentDirectory: C:\Windows\system32\
User: NT AUTHORITY\SYSTEM
LogonGuid: {39e13812-cc74-651a-e703-000000000000}
LogonId: 0x3E7
TerminalSessionId: 0
IntegrityLevel: System
Hashes: SHA256=949BFB5B4C7D58D92F3F9C5F8EC7CA4CEAFFD10EC5F0020F0A987C472D61C54B
ParentProcessGuid: {39e13812-cc74-651a-0b00-000000000b00}
ParentProcessId: 856
ParentImage: C:\Windows\System32\services.exe
ParentCommandLine: C:\Windows\system32\services.exe
ParentUser: NT AUTHORITY\SYSTEM","1","5",,"4","1","0","-9223372036854775808","74","Microsoft-Windows-Sysmon","5770385f-c22a-43e0-bf4c-06f5698ffbd9","Microsoft-Windows-Sysmon/Operational","7304","7340","dndlove","S-1-5-18","2023-10-02 ?? 11:47:59",,,"Microsoft-Windows-Sysmon/Operational","System.UInt32[]","System.Diagnostics.Eventing.Reader.EventBookmark","??","??","Process Create (rule: ProcessCreate)","System.Collections.ObjectModel.ReadOnlyCollection`1[System.String]","System.Collections.Generic.List`1[System.Diagnostics.Eventing.Reader.EventProperty]"
"Process Create:
RuleName: -
UtcTime: 2023-10-02 14:47:59.218
ProcessGuid: {39e13812-d81f-651a-d301-000000000b00}
ProcessId: 4940
Image: C:\Windows\System32\svchost.exe
FileVersion: 10.0.22621.1 (WinBuild.160101.0800)
Description: Host Process for Windows Services
Product: Microsoft? Windows? Operating System
Company: Microsoft Corporation
OriginalFileName: svchost.exe
CommandLine: C:\Windows\system32\svchost.exe -k wsappx -p -s AppXSvc
CurrentDirectory: C:\Windows\system32\
User: NT AUTHORITY\SYSTEM
LogonGuid: {39e13812-cc74-651a-e703-000000000000}
LogonId: 0x3E7
TerminalSessionId: 0
IntegrityLevel: System
Hashes: SHA256=949BFB5B4C7D58D92F3F9C5F8EC7CA4CEAFFD10EC5F0020F0A987C472D61C54B
ParentProcessGuid: {39e13812-cc74-651a-0b00-000000000b00}
ParentProcessId: 856
ParentImage: C:\Windows\System32\services.exe
ParentCommandLine: C:\Windows\system32\services.exe
ParentUser: NT AUTHORITY\SYSTEM","1","5",,"4","1","0","-9223372036854775808","73","Microsoft-Windows-Sysmon","5770385f-c22a-43e0-bf4c-06f5698ffbd9","Microsoft-Windows-Sysmon/Operational","7304","7340","dndlove","S-1-5-18","2023-10-02 ?? 11:47:59",,,"Microsoft-Windows-Sysmon/Operational","System.UInt32[]","System.Diagnostics.Eventing.Reader.EventBookmark","??","??","Process Create (rule: ProcessCreate)","System.Collections.ObjectModel.ReadOnlyCollection`1[System.String]","System.Collections.Generic.List`1[System.Diagnostics.Eventing.Reader.EventProperty]"
"Process terminated:
RuleName: -
UtcTime: 2023-10-02 14:47:58.722
ProcessGuid: {39e13812-d81e-651a-d001-000000000b00}
ProcessId: 540
Image: C:\Windows\System32\taskhostw.exe
User: NT AUTHORITY\SYSTEM","5","3",,"4","5","0","-9223372036854775808","72","Microsoft-Windows-Sysmon","5770385f-c22a-43e0-bf4c-06f5698ffbd9","Microsoft-Windows-Sysmon/Operational","7304","7340","dndlove","S-1-5-18","2023-10-02 ?? 11:47:58",,,"Microsoft-Windows-Sysmon/Operational","System.UInt32[]","System.Diagnostics.Eventing.Reader.EventBookmark","??","??","Process terminated (rule: ProcessTerminate)","System.Collections.ObjectModel.ReadOnlyCollection`1[System.String]","System.Collections.Generic.List`1[System.Diagnostics.Eventing.Reader.EventProperty]"
"Process Create:
RuleName: -
UtcTime: 2023-10-02 14:47:58.728
ProcessGuid: {39e13812-d81e-651a-d201-000000000b00}
ProcessId: 8672
Image: C:\Windows\System32\wbem\WmiPrvSE.exe
FileVersion: 10.0.22621.1 (WinBuild.160101.0800)
Description: WMI Provider Host
Product: Microsoft? Windows? Operating System
Company: Microsoft Corporation
OriginalFileName: Wmiprvse.exe
CommandLine: C:\Windows\system32\wbem\wmiprvse.exe -secured -Embedding
CurrentDirectory: C:\Windows\system32\
User: NT AUTHORITY\NETWORK SERVICE
LogonGuid: {39e13812-cc74-651a-e403-000000000000}
LogonId: 0x3E4
TerminalSessionId: 0
IntegrityLevel: System
Hashes: SHA256=196CABED59111B6C4BBF78C84A56846D96CBBC4F06935A4FD4E6432EF0AE4083
ParentProcessGuid: {39e13812-cc74-651a-0d00-000000000b00}
ParentProcessId: 996
ParentImage: C:\Windows\System32\svchost.exe
ParentCommandLine: C:\Windows\system32\svchost.exe -k DcomLaunch -p
ParentUser: NT AUTHORITY\SYSTEM","1","5",,"4","1","0","-9223372036854775808","71","Microsoft-Windows-Sysmon","5770385f-c22a-43e0-bf4c-06f5698ffbd9","Microsoft-Windows-Sysmon/Operational","7304","7340","dndlove","S-1-5-18","2023-10-02 ?? 11:47:58",,,"Microsoft-Windows-Sysmon/Operational","System.UInt32[]","System.Diagnostics.Eventing.Reader.EventBookmark","??","??","Process Create (rule: ProcessCreate)","System.Collections.ObjectModel.ReadOnlyCollection`1[System.String]","System.Collections.Generic.List`1[System.Diagnostics.Eventing.Reader.EventProperty]"
"Process Create:
RuleName: -
UtcTime: 2023-10-02 14:47:58.480
ProcessGuid: {39e13812-d81e-651a-d101-000000000b00}
ProcessId: 8404
Image: C:\Windows\System32\svchost.exe
FileVersion: 10.0.22621.1 (WinBuild.160101.0800)
Description: Host Process for Windows Services
Product: Microsoft? Windows? Operating System
Company: Microsoft Corporation
OriginalFileName: svchost.exe
CommandLine: C:\Windows\System32\svchost.exe -k netsvcs -p
CurrentDirectory: C:\Windows\system32\
User: NT AUTHORITY\SYSTEM
LogonGuid: {39e13812-cc74-651a-e703-000000000000}
LogonId: 0x3E7
TerminalSessionId: 0
IntegrityLevel: System
Hashes: SHA256=949BFB5B4C7D58D92F3F9C5F8EC7CA4CEAFFD10EC5F0020F0A987C472D61C54B
ParentProcessGuid: {39e13812-cc74-651a-0b00-000000000b00}
ParentProcessId: 856
ParentImage: C:\Windows\System32\services.exe
ParentCommandLine: C:\Windows\system32\services.exe
ParentUser: NT AUTHORITY\SYSTEM","1","5",,"4","1","0","-9223372036854775808","70","Microsoft-Windows-Sysmon","5770385f-c22a-43e0-bf4c-06f5698ffbd9","Microsoft-Windows-Sysmon/Operational","7304","7340","dndlove","S-1-5-18","2023-10-02 ?? 11:47:58",,,"Microsoft-Windows-Sysmon/Operational","System.UInt32[]","System.Diagnostics.Eventing.Reader.EventBookmark","??","??","Process Create (rule: ProcessCreate)","System.Collections.ObjectModel.ReadOnlyCollection`1[System.String]","System.Collections.Generic.List`1[System.Diagnostics.Eventing.Reader.EventProperty]"
"Process Create:
RuleName: -
UtcTime: 2023-10-02 14:47:58.341
ProcessGuid: {39e13812-d81e-651a-d001-000000000b00}
ProcessId: 540
Image: C:\Windows\System32\taskhostw.exe
FileVersion: 10.0.22621.1635 (WinBuild.160101.0800)
Description: Host Process for Windows Tasks
Product: Microsoft? Windows? Operating System
Company: Microsoft Corporation
OriginalFileName: taskhostw.exe
CommandLine: taskhostw.exe
CurrentDirectory: C:\Windows\system32\
User: NT AUTHORITY\SYSTEM
LogonGuid: {39e13812-cc74-651a-e703-000000000000}
LogonId: 0x3E7
TerminalSessionId: 0
IntegrityLevel: System
Hashes: SHA256=82472A84BCBB4009ADD338200F8E853FE4C5EAFE2E2C3A2D711B85BF29B72D54
ParentProcessGuid: {39e13812-cc75-651a-1a00-000000000b00}
ParentProcessId: 1324
ParentImage: C:\Windows\System32\svchost.exe
ParentCommandLine: C:\Windows\system32\svchost.exe -k netsvcs -p -s Schedule
ParentUser: NT AUTHORITY\SYSTEM","1","5",,"4","1","0","-9223372036854775808","69","Microsoft-Windows-Sysmon","5770385f-c22a-43e0-bf4c-06f5698ffbd9","Microsoft-Windows-Sysmon/Operational","7304","7340","dndlove","S-1-5-18","2023-10-02 ?? 11:47:58",,,"Microsoft-Windows-Sysmon/Operational","System.UInt32[]","System.Diagnostics.Eventing.Reader.EventBookmark","??","??","Process Create (rule: ProcessCreate)","System.Collections.ObjectModel.ReadOnlyCollection`1[System.String]","System.Collections.Generic.List`1[System.Diagnostics.Eventing.Reader.EventProperty]"
"Process terminated:
RuleName: -
UtcTime: 2023-10-02 14:47:02.810
ProcessGuid: {39e13812-d6ba-651a-cb01-000000000b00}
ProcessId: 9204
Image: C:\Windows\System32\smartscreen.exe
User: dndlove\dndlo","5","3",,"4","5","0","-9223372036854775808","68","Microsoft-Windows-Sysmon","5770385f-c22a-43e0-bf4c-06f5698ffbd9","Microsoft-Windows-Sysmon/Operational","7304","7340","dndlove","S-1-5-18","2023-10-02 ?? 11:47:02",,,"Microsoft-Windows-Sysmon/Operational","System.UInt32[]","System.Diagnostics.Eventing.Reader.EventBookmark","??","??","Process terminated (rule: ProcessTerminate)","System.Collections.ObjectModel.ReadOnlyCollection`1[System.String]","System.Collections.Generic.List`1[System.Diagnostics.Eventing.Reader.EventProperty]"
"Process terminated:
RuleName: -
UtcTime: 2023-10-02 14:45:03.821
ProcessGuid: {39e13812-d6b6-651a-c501-000000000b00}
ProcessId: 3892
Image: C:\Windows\System32\svchost.exe
User: NT AUTHORITY\SYSTEM","5","3",,"4","5","0","-9223372036854775808","67","Microsoft-Windows-Sysmon","5770385f-c22a-43e0-bf4c-06f5698ffbd9","Microsoft-Windows-Sysmon/Operational","7304","7340","dndlove","S-1-5-18","2023-10-02 ?? 11:45:03",,,"Microsoft-Windows-Sysmon/Operational","System.UInt32[]","System.Diagnostics.Eventing.Reader.EventBookmark","??","??","Process terminated (rule: ProcessTerminate)","System.Collections.ObjectModel.ReadOnlyCollection`1[System.String]","System.Collections.Generic.List`1[System.Diagnostics.Eventing.Reader.EventProperty]"
"Process terminated:
RuleName: -
UtcTime: 2023-10-02 14:43:59.954
ProcessGuid: {39e13812-d6b6-651a-c701-000000000b00}
ProcessId: 4364
Image: C:\Windows\servicing\TrustedInstaller.exe
User: NT AUTHORITY\SYSTEM","5","3",,"4","5","0","-9223372036854775808","66","Microsoft-Windows-Sysmon","5770385f-c22a-43e0-bf4c-06f5698ffbd9","Microsoft-Windows-Sysmon/Operational","7304","7340","dndlove","S-1-5-18","2023-10-02 ?? 11:43:59",,,"Microsoft-Windows-Sysmon/Operational","System.UInt32[]","System.Diagnostics.Eventing.Reader.EventBookmark","??","??","Process terminated (rule: ProcessTerminate)","System.Collections.ObjectModel.ReadOnlyCollection`1[System.String]","System.Collections.Generic.List`1[System.Diagnostics.Eventing.Reader.EventProperty]"
"Process terminated:
RuleName: -
UtcTime: 2023-10-02 14:43:59.393
ProcessGuid: {39e13812-d6b7-651a-c901-000000000b00}
ProcessId: 7428
Image: C:\Windows\System32\svchost.exe
User: NT AUTHORITY\SYSTEM","5","3",,"4","5","0","-9223372036854775808","65","Microsoft-Windows-Sysmon","5770385f-c22a-43e0-bf4c-06f5698ffbd9","Microsoft-Windows-Sysmon/Operational","7304","7340","dndlove","S-1-5-18","2023-10-02 ?? 11:43:59",,,"Microsoft-Windows-Sysmon/Operational","System.UInt32[]","System.Diagnostics.Eventing.Reader.EventBookmark","??","??","Process terminated (rule: ProcessTerminate)","System.Collections.ObjectModel.ReadOnlyCollection`1[System.String]","System.Collections.Generic.List`1[System.Diagnostics.Eventing.Reader.EventProperty]"
"Process terminated:
RuleName: -
UtcTime: 2023-10-02 14:43:58.431
ProcessGuid: {39e13812-d72e-651a-cf01-000000000b00}
ProcessId: 4488
Image: C:\Windows\System32\DeviceCensus.exe
User: dndlove\dndlo","5","3",,"4","5","0","-9223372036854775808","64","Microsoft-Windows-Sysmon","5770385f-c22a-43e0-bf4c-06f5698ffbd9","Microsoft-Windows-Sysmon/Operational","7304","7340","dndlove","S-1-5-18","2023-10-02 ?? 11:43:58",,,"Microsoft-Windows-Sysmon/Operational","System.UInt32[]","System.Diagnostics.Eventing.Reader.EventBookmark","??","??","Process terminated (rule: ProcessTerminate)","System.Collections.ObjectModel.ReadOnlyCollection`1[System.String]","System.Collections.Generic.List`1[System.Diagnostics.Eventing.Reader.EventProperty]"
"Process Create:
RuleName: -
UtcTime: 2023-10-02 14:43:58.374
ProcessGuid: {39e13812-d72e-651a-cf01-000000000b00}
ProcessId: 4488
Image: C:\Windows\System32\DeviceCensus.exe
FileVersion: 10.0.22621.1 (WinBuild.160101.0800)
Description: Device Census
Product: Microsoft? Windows? Operating System
Company: Microsoft Corporation
OriginalFileName: DeviceCensus.exe
CommandLine: ""C:\Windows\system32\devicecensus.exe"" UserCxt
CurrentDirectory: C:\Windows\system32\
User: dndlove\dndlo
LogonGuid: {39e13812-cc80-651a-ac59-030000000000}
LogonId: 0x359AC
TerminalSessionId: 1
IntegrityLevel: Medium
Hashes: SHA256=53C4008F27AFCE60C112C696DCE61892B3CCA00C2AD2EC418F85EA8BC4D2E4F6
ParentProcessGuid: {39e13812-cc75-651a-1a00-000000000b00}
ParentProcessId: 1324
ParentImage: C:\Windows\System32\svchost.exe
ParentCommandLine: C:\Windows\system32\svchost.exe -k netsvcs -p -s Schedule
ParentUser: NT AUTHORITY\SYSTEM","1","5",,"4","1","0","-9223372036854775808","63","Microsoft-Windows-Sysmon","5770385f-c22a-43e0-bf4c-06f5698ffbd9","Microsoft-Windows-Sysmon/Operational","7304","7340","dndlove","S-1-5-18","2023-10-02 ?? 11:43:58",,,"Microsoft-Windows-Sysmon/Operational","System.UInt32[]","System.Diagnostics.Eventing.Reader.EventBookmark","??","??","Process Create (rule: ProcessCreate)","System.Collections.ObjectModel.ReadOnlyCollection`1[System.String]","System.Collections.Generic.List`1[System.Diagnostics.Eventing.Reader.EventProperty]"
"Process terminated:
RuleName: -
UtcTime: 2023-10-02 14:43:57.070
ProcessGuid: {39e13812-d72c-651a-ce01-000000000b00}
ProcessId: 7372
Image: C:\Program Files (x86)\Microsoft\EdgeUpdate\MicrosoftEdgeUpdate.exe
User: NT AUTHORITY\SYSTEM","5","3",,"4","5","0","-9223372036854775808","62","Microsoft-Windows-Sysmon","5770385f-c22a-43e0-bf4c-06f5698ffbd9","Microsoft-Windows-Sysmon/Operational","7304","7340","dndlove","S-1-5-18","2023-10-02 ?? 11:43:57",,,"Microsoft-Windows-Sysmon/Operational","System.UInt32[]","System.Diagnostics.Eventing.Reader.EventBookmark","??","??","Process terminated (rule: ProcessTerminate)","System.Collections.ObjectModel.ReadOnlyCollection`1[System.String]","System.Collections.Generic.List`1[System.Diagnostics.Eventing.Reader.EventProperty]"
"Process Create:
RuleName: -
UtcTime: 2023-10-02 14:43:56.802
ProcessGuid: {39e13812-d72c-651a-ce01-000000000b00}
ProcessId: 7372
Image: C:\Program Files (x86)\Microsoft\EdgeUpdate\MicrosoftEdgeUpdate.exe
FileVersion: 1.3.155.85
Description: Microsoft Edge Update
Product: Microsoft Edge Update
Company: Microsoft Corporation
OriginalFileName: msedgeupdate.dll
CommandLine: ""C:\Program Files (x86)\Microsoft\EdgeUpdate\MicrosoftEdgeUpdate.exe"" /ua /installsource scheduler
CurrentDirectory: C:\Windows\system32\
User: NT AUTHORITY\SYSTEM
LogonGuid: {39e13812-cc74-651a-e703-000000000000}
LogonId: 0x3E7
TerminalSessionId: 0
IntegrityLevel: System
Hashes: SHA256=54545F352215A9C0F370A01980AADCD5749A93589931662D89A974D7BD60F476
ParentProcessGuid: {39e13812-cc75-651a-1a00-000000000b00}
ParentProcessId: 1324
ParentImage: C:\Windows\System32\svchost.exe
ParentCommandLine: C:\Windows\system32\svchost.exe -k netsvcs -p -s Schedule
ParentUser: NT AUTHORITY\SYSTEM","1","5",,"4","1","0","-9223372036854775808","61","Microsoft-Windows-Sysmon","5770385f-c22a-43e0-bf4c-06f5698ffbd9","Microsoft-Windows-Sysmon/Operational","7304","7340","dndlove","S-1-5-18","2023-10-02 ?? 11:43:56",,,"Microsoft-Windows-Sysmon/Operational","System.UInt32[]","System.Diagnostics.Eventing.Reader.EventBookmark","??","??","Process Create (rule: ProcessCreate)","System.Collections.ObjectModel.ReadOnlyCollection`1[System.String]","System.Collections.Generic.List`1[System.Diagnostics.Eventing.Reader.EventProperty]"
"Process terminated:
RuleName: -
UtcTime: 2023-10-02 14:43:32.693
ProcessGuid: {39e13812-d6b6-651a-c601-000000000b00}
ProcessId: 4412
Image: C:\Windows\System32\wbem\WmiPrvSE.exe
User: NT AUTHORITY\NETWORK SERVICE","5","3",,"4","5","0","-9223372036854775808","60","Microsoft-Windows-Sysmon","5770385f-c22a-43e0-bf4c-06f5698ffbd9","Microsoft-Windows-Sysmon/Operational","7304","7340","dndlove","S-1-5-18","2023-10-02 ?? 11:43:32",,,"Microsoft-Windows-Sysmon/Operational","System.UInt32[]","System.Diagnostics.Eventing.Reader.EventBookmark","??","??","Process terminated (rule: ProcessTerminate)","System.Collections.ObjectModel.ReadOnlyCollection`1[System.String]","System.Collections.Generic.List`1[System.Diagnostics.Eventing.Reader.EventProperty]"
"Process Create:
RuleName: -
UtcTime: 2023-10-02 14:43:19.018
ProcessGuid: {39e13812-d707-651a-cd01-000000000b00}
ProcessId: 5272
Image: C:\Windows\System32\RuntimeBroker.exe
FileVersion: 10.0.22621.1635 (WinBuild.160101.0800)
Description: Runtime Broker
Product: Microsoft? Windows? Operating System
Company: Microsoft Corporation
OriginalFileName: RuntimeBroker.exe
CommandLine: C:\Windows\System32\RuntimeBroker.exe -Embedding
CurrentDirectory: C:\Windows\system32\
User: dndlove\dndlo
LogonGuid: {39e13812-cc80-651a-ac59-030000000000}
LogonId: 0x359AC
TerminalSessionId: 1
IntegrityLevel: Medium
Hashes: SHA256=3074FA572CA1A3AB76F0135A9B56A92B13E973380BF4A63BB920FA797C7D76A8
ParentProcessGuid: {39e13812-cc74-651a-0d00-000000000b00}
ParentProcessId: 996
ParentImage: C:\Windows\System32\svchost.exe
ParentCommandLine: C:\Windows\system32\svchost.exe -k DcomLaunch -p
ParentUser: NT AUTHORITY\SYSTEM","1","5",,"4","1","0","-9223372036854775808","59","Microsoft-Windows-Sysmon","5770385f-c22a-43e0-bf4c-06f5698ffbd9","Microsoft-Windows-Sysmon/Operational","7304","7340","dndlove","S-1-5-18","2023-10-02 ?? 11:43:19",,,"Microsoft-Windows-Sysmon/Operational","System.UInt32[]","System.Diagnostics.Eventing.Reader.EventBookmark","??","??","Process Create (rule: ProcessCreate)","System.Collections.ObjectModel.ReadOnlyCollection`1[System.String]","System.Collections.Generic.List`1[System.Diagnostics.Eventing.Reader.EventProperty]"
"Process Create:
RuleName: -
UtcTime: 2023-10-02 14:43:16.379
ProcessGuid: {39e13812-d704-651a-cc01-000000000b00}
ProcessId: 4928
Image: C:\Program Files\WindowsApps\Microsoft.Windows.Photos_21.21030.25003.0_x64__8wekyb3d8bbwe\Microsoft.Photos.exe
FileVersion: -
Description: -
Product: -
Company: -
OriginalFileName: -
CommandLine: ""C:\Program Files\WindowsApps\Microsoft.Windows.Photos_21.21030.25003.0_x64__8wekyb3d8bbwe\Microsoft.Photos.exe"" -ServerName:App.AppXzst44mncqdg84v7sv6p7yznqwssy6f7f.mca
CurrentDirectory: C:\Program Files\WindowsApps\Microsoft.Windows.Photos_21.21030.25003.0_x64__8wekyb3d8bbwe\
User: dndlove\dndlo
LogonGuid: {39e13812-cc80-651a-ac59-030000000000}
LogonId: 0x359AC
TerminalSessionId: 1
IntegrityLevel: AppContainer
Hashes: SHA256=A55BEB8ABF9995535C671C584603D2741E4E16E388107B649741F41DFEC23B9C
ParentProcessGuid: {39e13812-cc74-651a-0d00-000000000b00}
ParentProcessId: 996
ParentImage: C:\Windows\System32\svchost.exe
ParentCommandLine: C:\Windows\system32\svchost.exe -k DcomLaunch -p
ParentUser: NT AUTHORITY\SYSTEM","1","5",,"4","1","0","-9223372036854775808","58","Microsoft-Windows-Sysmon","5770385f-c22a-43e0-bf4c-06f5698ffbd9","Microsoft-Windows-Sysmon/Operational","7304","7340","dndlove","S-1-5-18","2023-10-02 ?? 11:43:16",,,"Microsoft-Windows-Sysmon/Operational","System.UInt32[]","System.Diagnostics.Eventing.Reader.EventBookmark","??","??","Process Create (rule: ProcessCreate)","System.Collections.ObjectModel.ReadOnlyCollection`1[System.String]","System.Collections.Generic.List`1[System.Diagnostics.Eventing.Reader.EventProperty]"
"Process terminated:
RuleName: -
UtcTime: 2023-10-02 14:43:01.578
ProcessGuid: {39e13812-d6b5-651a-c201-000000000b00}
ProcessId: 4292
Image: C:\Windows\UUS\amd64\MoUsoCoreWorker.exe
User: NT AUTHORITY\SYSTEM","5","3",,"4","5","0","-9223372036854775808","57","Microsoft-Windows-Sysmon","5770385f-c22a-43e0-bf4c-06f5698ffbd9","Microsoft-Windows-Sysmon/Operational","7304","7340","dndlove","S-1-5-18","2023-10-02 ?? 11:43:01",,,"Microsoft-Windows-Sysmon/Operational","System.UInt32[]","System.Diagnostics.Eventing.Reader.EventBookmark","??","??","Process terminated (rule: ProcessTerminate)","System.Collections.ObjectModel.ReadOnlyCollection`1[System.String]","System.Collections.Generic.List`1[System.Diagnostics.Eventing.Reader.EventProperty]"
"Process terminated:
RuleName: -
UtcTime: 2023-10-02 14:42:59.168
ProcessGuid: {39e13812-d6b7-651a-c801-000000000b00}
ProcessId: 2488
Image: C:\Windows\System32\svchost.exe
User: NT AUTHORITY\SYSTEM","5","3",,"4","5","0","-9223372036854775808","56","Microsoft-Windows-Sysmon","5770385f-c22a-43e0-bf4c-06f5698ffbd9","Microsoft-Windows-Sysmon/Operational","7304","7340","dndlove","S-1-5-18","2023-10-02 ?? 11:42:59",,,"Microsoft-Windows-Sysmon/Operational","System.UInt32[]","System.Diagnostics.Eventing.Reader.EventBookmark","??","??","Process terminated (rule: ProcessTerminate)","System.Collections.ObjectModel.ReadOnlyCollection`1[System.String]","System.Collections.Generic.List`1[System.Diagnostics.Eventing.Reader.EventProperty]"
"Process terminated:
RuleName: -
UtcTime: 2023-10-02 14:42:03.795
ProcessGuid: {39e13812-d6b5-651a-c401-000000000b00}
ProcessId: 3840
Image: C:\Windows\System32\taskhostw.exe
User: NT AUTHORITY\SYSTEM","5","3",,"4","5","0","-9223372036854775808","55","Microsoft-Windows-Sysmon","5770385f-c22a-43e0-bf4c-06f5698ffbd9","Microsoft-Windows-Sysmon/Operational","7304","7340","dndlove","S-1-5-18","2023-10-02 ?? 11:42:03",,,"Microsoft-Windows-Sysmon/Operational","System.UInt32[]","System.Diagnostics.Eventing.Reader.EventBookmark","??","??","Process terminated (rule: ProcessTerminate)","System.Collections.ObjectModel.ReadOnlyCollection`1[System.String]","System.Collections.Generic.List`1[System.Diagnostics.Eventing.Reader.EventProperty]"
"Process Create:
RuleName: -
UtcTime: 2023-10-02 14:42:02.704
ProcessGuid: {39e13812-d6ba-651a-cb01-000000000b00}
ProcessId: 9204
Image: C:\Windows\System32\smartscreen.exe
FileVersion: 10.0.22621.1344 (WinBuild.160101.0800)
Description: Windows Defender SmartScreen
Product: Microsoft? Windows? Operating System
Company: Microsoft Corporation
OriginalFileName: smartscreen.exe
CommandLine: C:\Windows\System32\smartscreen.exe -Embedding
CurrentDirectory: C:\Windows\system32\
User: dndlove\dndlo
LogonGuid: {39e13812-cc80-651a-ac59-030000000000}
LogonId: 0x359AC
TerminalSessionId: 1
IntegrityLevel: Medium
Hashes: SHA256=F5B78C34E1E2584C890E042BB4E838C55AB87FC7C6AE0D35AA8FE5DB8CB2D927
ParentProcessGuid: {39e13812-cc74-651a-0d00-000000000b00}
ParentProcessId: 996
ParentImage: C:\Windows\System32\svchost.exe
ParentCommandLine: C:\Windows\system32\svchost.exe -k DcomLaunch -p
ParentUser: NT AUTHORITY\SYSTEM","1","5",,"4","1","0","-9223372036854775808","54","Microsoft-Windows-Sysmon","5770385f-c22a-43e0-bf4c-06f5698ffbd9","Microsoft-Windows-Sysmon/Operational","7304","7340","dndlove","S-1-5-18","2023-10-02 ?? 11:42:02",,,"Microsoft-Windows-Sysmon/Operational","System.UInt32[]","System.Diagnostics.Eventing.Reader.EventBookmark","??","??","Process Create (rule: ProcessCreate)","System.Collections.ObjectModel.ReadOnlyCollection`1[System.String]","System.Collections.Generic.List`1[System.Diagnostics.Eventing.Reader.EventProperty]"
"Process terminated:
RuleName: -
UtcTime: 2023-10-02 14:42:02.277
ProcessGuid: {39e13812-d6b5-651a-c301-000000000b00}
ProcessId: 4500
Image: C:\Windows\System32\provtool.exe
User: NT AUTHORITY\SYSTEM","5","3",,"4","5","0","-9223372036854775808","53","Microsoft-Windows-Sysmon","5770385f-c22a-43e0-bf4c-06f5698ffbd9","Microsoft-Windows-Sysmon/Operational","7304","7340","dndlove","S-1-5-18","2023-10-02 ?? 11:42:02",,,"Microsoft-Windows-Sysmon/Operational","System.UInt32[]","System.Diagnostics.Eventing.Reader.EventBookmark","??","??","Process terminated (rule: ProcessTerminate)","System.Collections.ObjectModel.ReadOnlyCollection`1[System.String]","System.Collections.Generic.List`1[System.Diagnostics.Eventing.Reader.EventProperty]"
"Process Create:
RuleName: -
UtcTime: 2023-10-02 14:42:00.286
ProcessGuid: {39e13812-d6b8-651a-ca01-000000000b00}
ProcessId: 6776
Image: C:\Windows\System32\svchost.exe
FileVersion: 10.0.22621.1 (WinBuild.160101.0800)
Description: Host Process for Windows Services
Product: Microsoft? Windows? Operating System
Company: Microsoft Corporation
OriginalFileName: svchost.exe
CommandLine: C:\Windows\system32\svchost.exe -k netsvcs -p -s gpsvc
CurrentDirectory: C:\Windows\system32\
User: NT AUTHORITY\SYSTEM
LogonGuid: {39e13812-cc74-651a-e703-000000000000}
LogonId: 0x3E7
TerminalSessionId: 0
IntegrityLevel: System
Hashes: SHA256=949BFB5B4C7D58D92F3F9C5F8EC7CA4CEAFFD10EC5F0020F0A987C472D61C54B
ParentProcessGuid: {39e13812-cc74-651a-0b00-000000000b00}
ParentProcessId: 856
ParentImage: C:\Windows\System32\services.exe
ParentCommandLine: C:\Windows\system32\services.exe
ParentUser: NT AUTHORITY\SYSTEM","1","5",,"4","1","0","-9223372036854775808","52","Microsoft-Windows-Sysmon","5770385f-c22a-43e0-bf4c-06f5698ffbd9","Microsoft-Windows-Sysmon/Operational","7304","7340","dndlove","S-1-5-18","2023-10-02 ?? 11:42:00",,,"Microsoft-Windows-Sysmon/Operational","System.UInt32[]","System.Diagnostics.Eventing.Reader.EventBookmark","??","??","Process Create (rule: ProcessCreate)","System.Collections.ObjectModel.ReadOnlyCollection`1[System.String]","System.Collections.Generic.List`1[System.Diagnostics.Eventing.Reader.EventProperty]"
"Process Create:
RuleName: -
UtcTime: 2023-10-02 14:41:59.315
ProcessGuid: {39e13812-d6b7-651a-c901-000000000b00}
ProcessId: 7428
Image: C:\Windows\System32\svchost.exe
FileVersion: 10.0.22621.1 (WinBuild.160101.0800)
Description: Host Process for Windows Services
Product: Microsoft? Windows? Operating System
Company: Microsoft Corporation
OriginalFileName: svchost.exe
CommandLine: C:\Windows\system32\svchost.exe -k netsvcs -p
CurrentDirectory: C:\Windows\system32\
User: NT AUTHORITY\SYSTEM
LogonGuid: {39e13812-cc74-651a-e703-000000000000}
LogonId: 0x3E7
TerminalSessionId: 0
IntegrityLevel: System
Hashes: SHA256=949BFB5B4C7D58D92F3F9C5F8EC7CA4CEAFFD10EC5F0020F0A987C472D61C54B
ParentProcessGuid: {39e13812-cc74-651a-0b00-000000000b00}
ParentProcessId: 856
ParentImage: C:\Windows\System32\services.exe
ParentCommandLine: C:\Windows\system32\services.exe
ParentUser: NT AUTHORITY\SYSTEM","1","5",,"4","1","0","-9223372036854775808","51","Microsoft-Windows-Sysmon","5770385f-c22a-43e0-bf4c-06f5698ffbd9","Microsoft-Windows-Sysmon/Operational","7304","7340","dndlove","S-1-5-18","2023-10-02 ?? 11:41:59",,,"Microsoft-Windows-Sysmon/Operational","System.UInt32[]","System.Diagnostics.Eventing.Reader.EventBookmark","??","??","Process Create (rule: ProcessCreate)","System.Collections.ObjectModel.ReadOnlyCollection`1[System.String]","System.Collections.Generic.List`1[System.Diagnostics.Eventing.Reader.EventProperty]"
"Process Create:
RuleName: -
UtcTime: 2023-10-02 14:41:59.105
ProcessGuid: {39e13812-d6b7-651a-c801-000000000b00}
ProcessId: 2488
Image: C:\Windows\System32\svchost.exe
FileVersion: 10.0.22621.1 (WinBuild.160101.0800)
Description: Host Process for Windows Services
Product: Microsoft? Windows? Operating System
Company: Microsoft Corporation
OriginalFileName: svchost.exe
CommandLine: C:\Windows\system32\svchost.exe -k wusvcs -p -s WaaSMedicSvc
CurrentDirectory: C:\Windows\system32\
User: NT AUTHORITY\SYSTEM
LogonGuid: {39e13812-cc74-651a-e703-000000000000}
LogonId: 0x3E7
TerminalSessionId: 0
IntegrityLevel: System
Hashes: SHA256=949BFB5B4C7D58D92F3F9C5F8EC7CA4CEAFFD10EC5F0020F0A987C472D61C54B
ParentProcessGuid: {39e13812-cc74-651a-0b00-000000000b00}
ParentProcessId: 856
ParentImage: C:\Windows\System32\services.exe
ParentCommandLine: C:\Windows\system32\services.exe
ParentUser: NT AUTHORITY\SYSTEM","1","5",,"4","1","0","-9223372036854775808","50","Microsoft-Windows-Sysmon","5770385f-c22a-43e0-bf4c-06f5698ffbd9","Microsoft-Windows-Sysmon/Operational","7304","7340","dndlove","S-1-5-18","2023-10-02 ?? 11:41:59",,,"Microsoft-Windows-Sysmon/Operational","System.UInt32[]","System.Diagnostics.Eventing.Reader.EventBookmark","??","??","Process Create (rule: ProcessCreate)","System.Collections.ObjectModel.ReadOnlyCollection`1[System.String]","System.Collections.Generic.List`1[System.Diagnostics.Eventing.Reader.EventProperty]"
"Process Create:
RuleName: -
UtcTime: 2023-10-02 14:41:58.528
ProcessGuid: {39e13812-d6b6-651a-c701-000000000b00}
ProcessId: 4364
Image: C:\Windows\servicing\TrustedInstaller.exe
FileVersion: 10.0.22621.1 (WinBuild.160101.0800)
Description: Windows Modules Installer
Product: Microsoft? Windows? Operating System
Company: Microsoft Corporation
OriginalFileName: TrustedInstaller.exe
CommandLine: C:\Windows\servicing\TrustedInstaller.exe
CurrentDirectory: C:\Windows\system32\
User: NT AUTHORITY\SYSTEM
LogonGuid: {39e13812-cc74-651a-e703-000000000000}
LogonId: 0x3E7
TerminalSessionId: 0
IntegrityLevel: System
Hashes: SHA256=A7046DD1900DAE0C6605493DFC61F3C5248E1901325F8427C8093B7B598DF6B0
ParentProcessGuid: {39e13812-cc74-651a-0b00-000000000b00}
ParentProcessId: 856
ParentImage: C:\Windows\System32\services.exe
ParentCommandLine: C:\Windows\system32\services.exe
ParentUser: NT AUTHORITY\SYSTEM","1","5",,"4","1","0","-9223372036854775808","49","Microsoft-Windows-Sysmon","5770385f-c22a-43e0-bf4c-06f5698ffbd9","Microsoft-Windows-Sysmon/Operational","7304","7340","dndlove","S-1-5-18","2023-10-02 ?? 11:41:58",,,"Microsoft-Windows-Sysmon/Operational","System.UInt32[]","System.Diagnostics.Eventing.Reader.EventBookmark","??","??","Process Create (rule: ProcessCreate)","System.Collections.ObjectModel.ReadOnlyCollection`1[System.String]","System.Collections.Generic.List`1[System.Diagnostics.Eventing.Reader.EventProperty]"
"Process Create:
RuleName: -
UtcTime: 2023-10-02 14:41:58.192
ProcessGuid: {39e13812-d6b6-651a-c601-000000000b00}
ProcessId: 4412
Image: C:\Windows\System32\wbem\WmiPrvSE.exe
FileVersion: 10.0.22621.1 (WinBuild.160101.0800)
Description: WMI Provider Host
Product: Microsoft? Windows? Operating System
Company: Microsoft Corporation
OriginalFileName: Wmiprvse.exe
CommandLine: C:\Windows\system32\wbem\wmiprvse.exe -secured -Embedding
CurrentDirectory: C:\Windows\system32\
User: NT AUTHORITY\NETWORK SERVICE
LogonGuid: {39e13812-cc74-651a-e403-000000000000}
LogonId: 0x3E4
TerminalSessionId: 0
IntegrityLevel: System
Hashes: SHA256=196CABED59111B6C4BBF78C84A56846D96CBBC4F06935A4FD4E6432EF0AE4083
ParentProcessGuid: {39e13812-cc74-651a-0d00-000000000b00}
ParentProcessId: 996
ParentImage: C:\Windows\System32\svchost.exe
ParentCommandLine: C:\Windows\system32\svchost.exe -k DcomLaunch -p
ParentUser: NT AUTHORITY\SYSTEM","1","5",,"4","1","0","-9223372036854775808","48","Microsoft-Windows-Sysmon","5770385f-c22a-43e0-bf4c-06f5698ffbd9","Microsoft-Windows-Sysmon/Operational","7304","7340","dndlove","S-1-5-18","2023-10-02 ?? 11:41:58",,,"Microsoft-Windows-Sysmon/Operational","System.UInt32[]","System.Diagnostics.Eventing.Reader.EventBookmark","??","??","Process Create (rule: ProcessCreate)","System.Collections.ObjectModel.ReadOnlyCollection`1[System.String]","System.Collections.Generic.List`1[System.Diagnostics.Eventing.Reader.EventProperty]"
"Process Create:
RuleName: -
UtcTime: 2023-10-02 14:41:58.030
ProcessGuid: {39e13812-d6b6-651a-c501-000000000b00}
ProcessId: 3892
Image: C:\Windows\System32\svchost.exe
FileVersion: 10.0.22621.1 (WinBuild.160101.0800)
Description: Host Process for Windows Services
Product: Microsoft? Windows? Operating System
Company: Microsoft Corporation
OriginalFileName: svchost.exe
CommandLine: C:\Windows\system32\svchost.exe -k netsvcs -p -s wlidsvc
CurrentDirectory: C:\Windows\system32\
User: NT AUTHORITY\SYSTEM
LogonGuid: {39e13812-cc74-651a-e703-000000000000}
LogonId: 0x3E7
TerminalSessionId: 0
IntegrityLevel: System
Hashes: SHA256=949BFB5B4C7D58D92F3F9C5F8EC7CA4CEAFFD10EC5F0020F0A987C472D61C54B
ParentProcessGuid: {39e13812-cc74-651a-0b00-000000000b00}
ParentProcessId: 856
ParentImage: C:\Windows\System32\services.exe
ParentCommandLine: C:\Windows\system32\services.exe
ParentUser: NT AUTHORITY\SYSTEM","1","5",,"4","1","0","-9223372036854775808","47","Microsoft-Windows-Sysmon","5770385f-c22a-43e0-bf4c-06f5698ffbd9","Microsoft-Windows-Sysmon/Operational","7304","7340","dndlove","S-1-5-18","2023-10-02 ?? 11:41:58",,,"Microsoft-Windows-Sysmon/Operational","System.UInt32[]","System.Diagnostics.Eventing.Reader.EventBookmark","??","??","Process Create (rule: ProcessCreate)","System.Collections.ObjectModel.ReadOnlyCollection`1[System.String]","System.Collections.Generic.List`1[System.Diagnostics.Eventing.Reader.EventProperty]"
"Process Create:
RuleName: -
UtcTime: 2023-10-02 14:41:57.866
ProcessGuid: {39e13812-d6b5-651a-c401-000000000b00}
ProcessId: 3840
Image: C:\Windows\System32\taskhostw.exe
FileVersion: 10.0.22621.1635 (WinBuild.160101.0800)
Description: Host Process for Windows Tasks
Product: Microsoft? Windows? Operating System
Company: Microsoft Corporation
OriginalFileName: taskhostw.exe
CommandLine: taskhostw.exe -RegisterDevice -Periodic
CurrentDirectory: C:\Windows\system32\
User: NT AUTHORITY\SYSTEM
LogonGuid: {39e13812-cc74-651a-e703-000000000000}
LogonId: 0x3E7
TerminalSessionId: 0
IntegrityLevel: System
Hashes: SHA256=82472A84BCBB4009ADD338200F8E853FE4C5EAFE2E2C3A2D711B85BF29B72D54
ParentProcessGuid: {39e13812-cc75-651a-1a00-000000000b00}
ParentProcessId: 1324
ParentImage: C:\Windows\System32\svchost.exe
ParentCommandLine: C:\Windows\system32\svchost.exe -k netsvcs -p -s Schedule
ParentUser: NT AUTHORITY\SYSTEM","1","5",,"4","1","0","-9223372036854775808","46","Microsoft-Windows-Sysmon","5770385f-c22a-43e0-bf4c-06f5698ffbd9","Microsoft-Windows-Sysmon/Operational","7304","7340","dndlove","S-1-5-18","2023-10-02 ?? 11:41:57",,,"Microsoft-Windows-Sysmon/Operational","System.UInt32[]","System.Diagnostics.Eventing.Reader.EventBookmark","??","??","Process Create (rule: ProcessCreate)","System.Collections.ObjectModel.ReadOnlyCollection`1[System.String]","System.Collections.Generic.List`1[System.Diagnostics.Eventing.Reader.EventProperty]"
"Process Create:
RuleName: -
UtcTime: 2023-10-02 14:41:57.849
ProcessGuid: {39e13812-d6b5-651a-c301-000000000b00}
ProcessId: 4500
Image: C:\Windows\System32\provtool.exe
FileVersion: 10.0.22621.608 (WinBuild.160101.0800)
Description: Provisioning package runtime processing tool
Product: Microsoft? Windows? Operating System
Company: Microsoft Corporation
OriginalFileName: provtool
CommandLine: ""C:\Windows\system32\ProvTool.exe"" /turn 5 /source LogonIdleTask
CurrentDirectory: C:\Windows\system32\
User: NT AUTHORITY\SYSTEM
LogonGuid: {39e13812-cc74-651a-e703-000000000000}
LogonId: 0x3E7
TerminalSessionId: 0
IntegrityLevel: System
Hashes: SHA256=B46ABC28F1FBA013522E042CBC941A80812E7EDC095AD4B7C5E5E9FD83AEB31F
ParentProcessGuid: {39e13812-cc75-651a-1a00-000000000b00}
ParentProcessId: 1324
ParentImage: C:\Windows\System32\svchost.exe
ParentCommandLine: C:\Windows\system32\svchost.exe -k netsvcs -p -s Schedule
ParentUser: NT AUTHORITY\SYSTEM","1","5",,"4","1","0","-9223372036854775808","45","Microsoft-Windows-Sysmon","5770385f-c22a-43e0-bf4c-06f5698ffbd9","Microsoft-Windows-Sysmon/Operational","7304","7340","dndlove","S-1-5-18","2023-10-02 ?? 11:41:57",,,"Microsoft-Windows-Sysmon/Operational","System.UInt32[]","System.Diagnostics.Eventing.Reader.EventBookmark","??","??","Process Create (rule: ProcessCreate)","System.Collections.ObjectModel.ReadOnlyCollection`1[System.String]","System.Collections.Generic.List`1[System.Diagnostics.Eventing.Reader.EventProperty]"
"Process Create:
RuleName: -
UtcTime: 2023-10-02 14:41:57.793
ProcessGuid: {39e13812-d6b5-651a-c201-000000000b00}
ProcessId: 4292
Image: C:\Windows\UUS\amd64\MoUsoCoreWorker.exe
FileVersion: 923.330.111.0
Description: MoUSO Core Worker Process
Product: Microsoft? Windows? Operating System
Company: Microsoft Corporation
OriginalFileName: MoUSOCoreWorker.exe
CommandLine: C:\Windows\uus\AMD64\MoUsoCoreWorker.exe
CurrentDirectory: C:\Windows\system32\
User: NT AUTHORITY\SYSTEM
LogonGuid: {39e13812-cc74-651a-e703-000000000000}
LogonId: 0x3E7
TerminalSessionId: 0
IntegrityLevel: System
Hashes: SHA256=3E259A8D971F0EA14C52F933ECA549639893321D97D1DE3CCFF3E176CE235D0A
ParentProcessGuid: {39e13812-cd19-651a-c300-000000000b00}
ParentProcessId: 1708
ParentImage: C:\Windows\System32\svchost.exe
ParentCommandLine: C:\Windows\system32\svchost.exe -k netsvcs -p -s UsoSvc
ParentUser: NT AUTHORITY\SYSTEM","1","5",,"4","1","0","-9223372036854775808","44","Microsoft-Windows-Sysmon","5770385f-c22a-43e0-bf4c-06f5698ffbd9","Microsoft-Windows-Sysmon/Operational","7304","7340","dndlove","S-1-5-18","2023-10-02 ?? 11:41:57",,,"Microsoft-Windows-Sysmon/Operational","System.UInt32[]","System.Diagnostics.Eventing.Reader.EventBookmark","??","??","Process Create (rule: ProcessCreate)","System.Collections.ObjectModel.ReadOnlyCollection`1[System.String]","System.Collections.Generic.List`1[System.Diagnostics.Eventing.Reader.EventProperty]"
"Process terminated:
RuleName: -
UtcTime: 2023-10-02 14:40:43.415
ProcessGuid: {39e13812-d53c-651a-bf01-000000000b00}
ProcessId: 1980
Image: C:\Windows\System32\audiodg.exe
User: NT AUTHORITY\LOCAL SERVICE","5","3",,"4","5","0","-9223372036854775808","43","Microsoft-Windows-Sysmon","5770385f-c22a-43e0-bf4c-06f5698ffbd9","Microsoft-Windows-Sysmon/Operational","7304","7340","dndlove","S-1-5-18","2023-10-02 ?? 11:40:43",,,"Microsoft-Windows-Sysmon/Operational","System.UInt32[]","System.Diagnostics.Eventing.Reader.EventBookmark","??","??","Process terminated (rule: ProcessTerminate)","System.Collections.ObjectModel.ReadOnlyCollection`1[System.String]","System.Collections.Generic.List`1[System.Diagnostics.Eventing.Reader.EventProperty]"
"Process terminated:
RuleName: -
UtcTime: 2023-10-02 14:40:38.811
ProcessGuid: {39e13812-d53a-651a-bb01-000000000b00}
ProcessId: 3820
Image: C:\Windows\System32\smartscreen.exe
User: dndlove\dndlo","5","3",,"4","5","0","-9223372036854775808","42","Microsoft-Windows-Sysmon","5770385f-c22a-43e0-bf4c-06f5698ffbd9","Microsoft-Windows-Sysmon/Operational","7304","7340","dndlove","S-1-5-18","2023-10-02 ?? 11:40:38",,,"Microsoft-Windows-Sysmon/Operational","System.UInt32[]","System.Diagnostics.Eventing.Reader.EventBookmark","??","??","Process terminated (rule: ProcessTerminate)","System.Collections.ObjectModel.ReadOnlyCollection`1[System.String]","System.Collections.Generic.List`1[System.Diagnostics.Eventing.Reader.EventProperty]"
"Process terminated:
RuleName: -
UtcTime: 2023-10-02 14:39:40.529
ProcessGuid: {39e13812-d3dc-651a-b301-000000000b00}
ProcessId: 8416
Image: C:\Windows\System32\svchost.exe
User: NT AUTHORITY\SYSTEM","5","3",,"4","5","0","-9223372036854775808","41","Microsoft-Windows-Sysmon","5770385f-c22a-43e0-bf4c-06f5698ffbd9","Microsoft-Windows-Sysmon/Operational","7304","7340","dndlove","S-1-5-18","2023-10-02 ?? 11:39:40",,,"Microsoft-Windows-Sysmon/Operational","System.UInt32[]","System.Diagnostics.Eventing.Reader.EventBookmark","??","??","Process terminated (rule: ProcessTerminate)","System.Collections.ObjectModel.ReadOnlyCollection`1[System.String]","System.Collections.Generic.List`1[System.Diagnostics.Eventing.Reader.EventProperty]"
"Process terminated:
RuleName: -
UtcTime: 2023-10-02 14:37:56.477
ProcessGuid: {39e13812-d540-651a-c001-000000000b00}
ProcessId: 9100
Image: C:\Windows\regedit.exe
User: dndlove\dndlo","5","3",,"4","5","0","-9223372036854775808","40","Microsoft-Windows-Sysmon","5770385f-c22a-43e0-bf4c-06f5698ffbd9","Microsoft-Windows-Sysmon/Operational","7304","7340","dndlove","S-1-5-18","2023-10-02 ?? 11:37:56",,,"Microsoft-Windows-Sysmon/Operational","System.UInt32[]","System.Diagnostics.Eventing.Reader.EventBookmark","??","??","Process terminated (rule: ProcessTerminate)","System.Collections.ObjectModel.ReadOnlyCollection`1[System.String]","System.Collections.Generic.List`1[System.Diagnostics.Eventing.Reader.EventProperty]"
"Process terminated:
RuleName: -
UtcTime: 2023-10-02 14:36:56.801
ProcessGuid: {39e13812-d4d9-651a-b801-000000000b00}
ProcessId: 5164
Image: C:\Windows\servicing\TrustedInstaller.exe
User: NT AUTHORITY\SYSTEM","5","3",,"4","5","0","-9223372036854775808","39","Microsoft-Windows-Sysmon","5770385f-c22a-43e0-bf4c-06f5698ffbd9","Microsoft-Windows-Sysmon/Operational","7304","7340","dndlove","S-1-5-18","2023-10-02 ?? 11:36:56",,,"Microsoft-Windows-Sysmon/Operational","System.UInt32[]","System.Diagnostics.Eventing.Reader.EventBookmark","??","??","Process terminated (rule: ProcessTerminate)","System.Collections.ObjectModel.ReadOnlyCollection`1[System.String]","System.Collections.Generic.List`1[System.Diagnostics.Eventing.Reader.EventProperty]"
"Process terminated:
RuleName: -
UtcTime: 2023-10-02 14:36:56.784
ProcessGuid: {39e13812-d4d9-651a-b901-000000000b00}
ProcessId: 4020
Image: C:\Windows\WinSxS\amd64_microsoft-windows-servicingstack_31bf3856ad364e35_10.0.22621.1626_none_e930f5a242f053dd\TiWorker.exe
User: NT AUTHORITY\SYSTEM","5","3",,"4","5","0","-9223372036854775808","38","Microsoft-Windows-Sysmon","5770385f-c22a-43e0-bf4c-06f5698ffbd9","Microsoft-Windows-Sysmon/Operational","7304","7340","dndlove","S-1-5-18","2023-10-02 ?? 11:36:56",,,"Microsoft-Windows-Sysmon/Operational","System.UInt32[]","System.Diagnostics.Eventing.Reader.EventBookmark","??","??","Process terminated (rule: ProcessTerminate)","System.Collections.ObjectModel.ReadOnlyCollection`1[System.String]","System.Collections.Generic.List`1[System.Diagnostics.Eventing.Reader.EventProperty]"
"Process terminated:
RuleName: -
UtcTime: 2023-10-02 14:36:25.690
ProcessGuid: {39e13812-d4a7-651a-b501-000000000b00}
ProcessId: 5452
Image: C:\Windows\System32\wbem\WmiPrvSE.exe
User: NT AUTHORITY\NETWORK SERVICE","5","3",,"4","5","0","-9223372036854775808","37","Microsoft-Windows-Sysmon","5770385f-c22a-43e0-bf4c-06f5698ffbd9","Microsoft-Windows-Sysmon/Operational","7304","7340","dndlove","S-1-5-18","2023-10-02 ?? 11:36:25",,,"Microsoft-Windows-Sysmon/Operational","System.UInt32[]","System.Diagnostics.Eventing.Reader.EventBookmark","??","??","Process terminated (rule: ProcessTerminate)","System.Collections.ObjectModel.ReadOnlyCollection`1[System.String]","System.Collections.Generic.List`1[System.Diagnostics.Eventing.Reader.EventProperty]"
"Process terminated:
RuleName: -
UtcTime: 2023-10-02 14:36:25.690
ProcessGuid: {39e13812-d4a7-651a-b401-000000000b00}
ProcessId: 3308
Image: C:\Windows\System32\wbem\WmiPrvSE.exe
User: NT AUTHORITY\LOCAL SERVICE","5","3",,"4","5","0","-9223372036854775808","36","Microsoft-Windows-Sysmon","5770385f-c22a-43e0-bf4c-06f5698ffbd9","Microsoft-Windows-Sysmon/Operational","7304","7340","dndlove","S-1-5-18","2023-10-02 ?? 11:36:25",,,"Microsoft-Windows-Sysmon/Operational","System.UInt32[]","System.Diagnostics.Eventing.Reader.EventBookmark","??","??","Process terminated (rule: ProcessTerminate)","System.Collections.ObjectModel.ReadOnlyCollection`1[System.String]","System.Collections.Generic.List`1[System.Diagnostics.Eventing.Reader.EventProperty]"
"Process terminated:
RuleName: -
UtcTime: 2023-10-02 14:36:02.535
ProcessGuid: {39e13812-cd1a-651a-c500-000000000b00}
ProcessId: 4024
Image: C:\Windows\UUS\amd64\MoUsoCoreWorker.exe
User: NT AUTHORITY\SYSTEM","5","3",,"4","5","0","-9223372036854775808","35","Microsoft-Windows-Sysmon","5770385f-c22a-43e0-bf4c-06f5698ffbd9","Microsoft-Windows-Sysmon/Operational","7304","7340","dndlove","S-1-5-18","2023-10-02 ?? 11:36:02",,,"Microsoft-Windows-Sysmon/Operational","System.UInt32[]","System.Diagnostics.Eventing.Reader.EventBookmark","??","??","Process terminated (rule: ProcessTerminate)","System.Collections.ObjectModel.ReadOnlyCollection`1[System.String]","System.Collections.Generic.List`1[System.Diagnostics.Eventing.Reader.EventProperty]"
"Process terminated:
RuleName: -
UtcTime: 2023-10-02 14:36:00.259
ProcessGuid: {39e13812-d514-651a-ba01-000000000b00}
ProcessId: 3912
Image: C:\Windows\System32\svchost.exe
User: NT AUTHORITY\SYSTEM","5","3",,"4","5","0","-9223372036854775808","34","Microsoft-Windows-Sysmon","5770385f-c22a-43e0-bf4c-06f5698ffbd9","Microsoft-Windows-Sysmon/Operational","7304","7340","dndlove","S-1-5-18","2023-10-02 ?? 11:36:00",,,"Microsoft-Windows-Sysmon/Operational","System.UInt32[]","System.Diagnostics.Eventing.Reader.EventBookmark","??","??","Process terminated (rule: ProcessTerminate)","System.Collections.ObjectModel.ReadOnlyCollection`1[System.String]","System.Collections.Generic.List`1[System.Diagnostics.Eventing.Reader.EventProperty]"
"Process Create:
RuleName: -
UtcTime: 2023-10-02 14:35:46.836
ProcessGuid: {39e13812-d542-651a-c101-000000000b00}
ProcessId: 3152
Image: C:\Program Files\Common Files\microsoft shared\ink\TabTip.exe
FileVersion: 10.0.22621.1635 (WinBuild.160101.0800)
Description: Touch Keyboard and Handwriting Panel
Product: Microsoft? Windows? Operating System
Company: Microsoft Corporation
OriginalFileName: TabTip.exe
CommandLine: /QuitInfo:0000000000000210;0000000000000290; /ManualLaunch 
CurrentDirectory: C:\Windows\system32\
User: NT AUTHORITY\SYSTEM
LogonGuid: {39e13812-cc74-651a-e703-000000000000}
LogonId: 0x3E7
TerminalSessionId: 1
IntegrityLevel: System
Hashes: SHA256=42B236B410676BF154ECFF005E90384D54E940AB05FBF17EF1876B3546BC691B
ParentProcessGuid: {39e13812-cc77-651a-3400-000000000b00}
ParentProcessId: 2504
ParentImage: C:\Windows\System32\svchost.exe
ParentCommandLine: C:\Windows\System32\svchost.exe -k LocalSystemNetworkRestricted -p -s TextInputManagementService
ParentUser: NT AUTHORITY\SYSTEM","1","5",,"4","1","0","-9223372036854775808","33","Microsoft-Windows-Sysmon","5770385f-c22a-43e0-bf4c-06f5698ffbd9","Microsoft-Windows-Sysmon/Operational","7304","7340","dndlove","S-1-5-18","2023-10-02 ?? 11:35:46",,,"Microsoft-Windows-Sysmon/Operational","System.UInt32[]","System.Diagnostics.Eventing.Reader.EventBookmark","??","??","Process Create (rule: ProcessCreate)","System.Collections.ObjectModel.ReadOnlyCollection`1[System.String]","System.Collections.Generic.List`1[System.Diagnostics.Eventing.Reader.EventProperty]"
"Process terminated:
RuleName: -
UtcTime: 2023-10-02 14:35:46.827
ProcessGuid: {39e13812-d53b-651a-be01-000000000b00}
ProcessId: 8324
Image: C:\Windows\System32\ctfmon.exe
User: NT AUTHORITY\SYSTEM","5","3",,"4","5","0","-9223372036854775808","32","Microsoft-Windows-Sysmon","5770385f-c22a-43e0-bf4c-06f5698ffbd9","Microsoft-Windows-Sysmon/Operational","7304","7340","dndlove","S-1-5-18","2023-10-02 ?? 11:35:46",,,"Microsoft-Windows-Sysmon/Operational","System.UInt32[]","System.Diagnostics.Eventing.Reader.EventBookmark","??","??","Process terminated (rule: ProcessTerminate)","System.Collections.ObjectModel.ReadOnlyCollection`1[System.String]","System.Collections.Generic.List`1[System.Diagnostics.Eventing.Reader.EventProperty]"
